Using pre-set license
Built from '2020.3/release' branch; Version is '2020.3.7f1 (dd97f2c94397) revision 14522354'; Using compiler version '192528614'; Build Type 'Release'
OS: 'Windows 10 Pro; OS build 19042.964; Version 2009; 64bit' Language: 'ru' Physical Memory: 16320 MB
BatchMode: 1, IsHumanControllingUs: 0, StartBugReporterOnCrash: 0, Is64bit: 1, IsPro: 0

 COMMAND LINE ARGUMENTS:
C:\Program Files\Unity\Editor\2020.3.7f1\Editor\Unity.exe
-adb2
-batchMode
-noUpm
-name
AssetImportWorker1
-projectPath
D:/Unity Projects/Space_Defender/Space Defender
-logFile
Logs/AssetImportWorker1.log
-srvPort
49702
Successfully changed project path to: D:/Unity Projects/Space_Defender/Space Defender
D:/Unity Projects/Space_Defender/Space Defender
Using Asset Import Pipeline V2.
Refreshing native plugins compatible for Editor in 65.53 ms, found 1 plugins.
Preloading 0 native plugins for Editor in 0.00 ms.
Initialize engine version: 2020.3.7f1 (dd97f2c94397)
[Subsystems] Discovering subsystems at path C:/Program Files/Unity/Editor/2020.3.7f1/Editor/Data/Resources/UnitySubsystems
[Subsystems] Discovering subsystems at path D:/Unity Projects/Space_Defender/Space Defender/Assets
GfxDevice: creating device client; threaded=0
Direct3D:
    Version:  Direct3D 11.0 [level 11.1]
    Renderer: NVIDIA GeForce GTX 1060 6GB (ID=0x1c03)
    Vendor:   
    VRAM:     6052 MB
    Driver:   27.21.14.6627
Shader 'Universal Render Pipeline/Particles/Lit': fallback shader 'Universal Render Pipeline/Particles/SimpleLit' not found
Initialize mono
Mono path[0] = 'C:/Program Files/Unity/Editor/2020.3.7f1/Editor/Data/Managed'
Mono path[1] = 'C:/Program Files/Unity/Editor/2020.3.7f1/Editor/Data/MonoBleedingEdge/lib/mono/unityjit'
Mono config path = 'C:/Program Files/Unity/Editor/2020.3.7f1/Editor/Data/MonoBleedingEdge/etc'
Using monoOptions --debugger-agent=transport=dt_socket,embedding=1,server=y,suspend=n,address=127.0.0.1:56888
Begin MonoManager ReloadAssembly
Registering precompiled unity dll's ...
Register platform support module: C:/Program Files/Unity/Editor/2020.3.7f1/Editor/Data/PlaybackEngines/WebGLSupport/UnityEditor.WebGL.Extensions.dll
Register platform support module: C:/Program Files/Unity/Editor/2020.3.7f1/Editor/Data/PlaybackEngines/MacStandaloneSupport/UnityEditor.OSXStandalone.Extensions.dll
Register platform support module: C:/Program Files/Unity/Editor/2020.3.7f1/Editor/Data/PlaybackEngines/WindowsStandaloneSupport/UnityEditor.WindowsStandalone.Extensions.dll
Register platform support module: C:/Program Files/Unity/Editor/2020.3.7f1/Editor/Data/PlaybackEngines/LinuxStandaloneSupport/UnityEditor.LinuxStandalone.Extensions.dll
Registered in 0.003624 seconds.
Native extension for LinuxStandalone target not found
Native extension for WindowsStandalone target not found
Native extension for OSXStandalone target not found
Native extension for WebGL target not found
Refreshing native plugins compatible for Editor in 72.85 ms, found 1 plugins.
Preloading 0 native plugins for Editor in 0.00 ms.
Mono: successfully reloaded assembly
- Completed reload, in  1.293 seconds
Platform modules already initialized, skipping
Registering precompiled user dll's ...
Registered in 0.001751 seconds.
Begin MonoManager ReloadAssembly
Native extension for LinuxStandalone target not found
Native extension for WindowsStandalone target not found
Native extension for OSXStandalone target not found
Native extension for WebGL target not found
Refreshing native plugins compatible for Editor in 68.30 ms, found 1 plugins.
Preloading 0 native plugins for Editor in 0.00 ms.
Mono: successfully reloaded assembly
- Completed reload, in  3.841 seconds
Platform modules already initialized, skipping
========================================================================
Worker process is ready to serve import requests
Shader 'Universal Render Pipeline/Particles/Lit': fallback shader 'Universal Render Pipeline/Particles/SimpleLit' not found
Launched and connected shader compiler UnityShaderCompiler.exe after 0.04 seconds
Refreshing native plugins compatible for Editor in 0.62 ms, found 1 plugins.
Preloading 0 native plugins for Editor in 0.00 ms.
Unloading 3258 Unused Serialized files (Serialized files now loaded: 0)
System memory in use before: 143.7 MB.
System memory in use after: 143.8 MB.

Unloading 27 unused Assets to reduce memory usage. Loaded Objects now: 3702.
Total: 2.697300 ms (FindLiveObjects: 0.301900 ms CreateObjectMapping: 0.085000 ms MarkObjects: 2.168700 ms  DeleteObjects: 0.140700 ms)

========================================================================
Received Import Request.
  path: Assets/Visuals/Sprites/Parts/wingYellow_6.png
  artifactKey: Guid(6d6e2eb3fd64fc84980b33af46f0ca1f) Importer(815301076,1909f56bfc062723c751e8b465ee728b)
Start importing Assets/Visuals/Sprites/Parts/wingYellow_6.png using Guid(6d6e2eb3fd64fc84980b33af46f0ca1f) Importer(815301076,1909f56bfc062723c751e8b465ee728b)  -> (artifact id: '093bbbfe31e2a88290ac2e598f3ac700') in 0.340466 seconds
  Import took 0.366432 seconds .

========================================================================
Received Import Request.
  Time since last request: 0.000250 seconds.
  path: Assets/Visuals/Sprites/Effects/PNG/window_03.png
  artifactKey: Guid(74cf661aab3fcfb45aa949c5e4b699b5) Importer(815301076,1909f56bfc062723c751e8b465ee728b)
Start importing Assets/Visuals/Sprites/Effects/PNG/window_03.png using Guid(74cf661aab3fcfb45aa949c5e4b699b5) Importer(815301076,1909f56bfc062723c751e8b465ee728b)  -> (artifact id: '4325395df7e721834d26031ccf1d8bf3') in 0.211925 seconds
  Import took 0.216442 seconds .

========================================================================
Received Import Request.
  Time since last request: 0.000219 seconds.
  path: Assets/Visuals/Sprites/Parts/wingBlue_4.png
  artifactKey: Guid(b091865672a3c6748b80a30a93dca01c) Importer(815301076,1909f56bfc062723c751e8b465ee728b)
Start importing Assets/Visuals/Sprites/Parts/wingBlue_4.png using Guid(b091865672a3c6748b80a30a93dca01c) Importer(815301076,1909f56bfc062723c751e8b465ee728b)  -> (artifact id: 'eabfcf0f8d4f2e6e1ce4d48438bd9bb3') in 0.258155 seconds
  Import took 0.262771 seconds .

========================================================================
Received Import Request.
  Time since last request: 0.000244 seconds.
  path: Assets/Visuals/Sprites/Parts/wingBlue_6.png
  artifactKey: Guid(3e4892fc1a4ac914990776fdf9bc0cf4) Importer(815301076,1909f56bfc062723c751e8b465ee728b)
Start importing Assets/Visuals/Sprites/Parts/wingBlue_6.png using Guid(3e4892fc1a4ac914990776fdf9bc0cf4) Importer(815301076,1909f56bfc062723c751e8b465ee728b)  -> (artifact id: '7f73fa8f6425734a8994a96aedba137a') in 0.258626 seconds
  Import took 0.287635 seconds .

========================================================================
Received Import Request.
  Time since last request: 0.000223 seconds.
  path: Assets/Visuals/Sprites/Parts/wingGreen_3.png
  artifactKey: Guid(0e52f3b93a30d4840a447bc0db1b1be7) Importer(815301076,1909f56bfc062723c751e8b465ee728b)
Start importing Assets/Visuals/Sprites/Parts/wingGreen_3.png using Guid(0e52f3b93a30d4840a447bc0db1b1be7) Importer(815301076,1909f56bfc062723c751e8b465ee728b)  -> (artifact id: '23006538238eb7dc98787e1fd37082ce') in 0.234846 seconds
  Import took 0.265686 seconds .

========================================================================
Received Import Request.
  Time since last request: 0.000221 seconds.
  path: Assets/Visuals/Sprites/Parts/wingYellow_5.png
  artifactKey: Guid(eae65d080d65b1f46b71cef852a8c032) Importer(815301076,1909f56bfc062723c751e8b465ee728b)
Start importing Assets/Visuals/Sprites/Parts/wingYellow_5.png using Guid(eae65d080d65b1f46b71cef852a8c032) Importer(815301076,1909f56bfc062723c751e8b465ee728b)  -> (artifact id: '70d79f780693af23540b72c753726a06') in 0.235887 seconds
  Import took 0.256919 seconds .

========================================================================
Received Import Request.
  Time since last request: 0.000221 seconds.
  path: Assets/Visuals/Sprites/Parts/wingGreen_7.png
  artifactKey: Guid(2479d2c19d2b1b547912d9d96202b76d) Importer(815301076,1909f56bfc062723c751e8b465ee728b)
Start importing Assets/Visuals/Sprites/Parts/wingGreen_7.png using Guid(2479d2c19d2b1b547912d9d96202b76d) Importer(815301076,1909f56bfc062723c751e8b465ee728b)  -> (artifact id: '3ec93ff49ae9d201dc4e5449fce4d6ba') in 0.209795 seconds
  Import took 0.214361 seconds .

========================================================================
Received Import Request.
  Time since last request: 0.000251 seconds.
  path: Assets/Visuals/Sprites/Effects/PNG/window_02.png
  artifactKey: Guid(b7b1dbc396796b240ad2267357c0313a) Importer(815301076,1909f56bfc062723c751e8b465ee728b)
Start importing Assets/Visuals/Sprites/Effects/PNG/window_02.png using Guid(b7b1dbc396796b240ad2267357c0313a) Importer(815301076,1909f56bfc062723c751e8b465ee728b)  -> (artifact id: '84b1852f4010cbca09e94d84a3672bec') in 0.297490 seconds
  Import took 0.302025 seconds .

========================================================================
Received Import Request.
  Time since last request: 0.000264 seconds.
  path: Assets/Visuals/Sprites/Parts/wingGreen_5.png
  artifactKey: Guid(0130b14ade15d5c4fbebe69a95aa0ec0) Importer(815301076,1909f56bfc062723c751e8b465ee728b)
Start importing Assets/Visuals/Sprites/Parts/wingGreen_5.png using Guid(0130b14ade15d5c4fbebe69a95aa0ec0) Importer(815301076,1909f56bfc062723c751e8b465ee728b)  -> (artifact id: 'b9f67de51dfcf51c5d82704e3cde0773') in 0.153670 seconds
  Import took 0.158300 seconds .

========================================================================
Received Import Request.
  Time since last request: 0.000253 seconds.
  path: Assets/Visuals/Sprites/Parts/wingBlue_0.png
  artifactKey: Guid(c479dc67e56b8b34a83f876fd6dfcaea) Importer(815301076,1909f56bfc062723c751e8b465ee728b)
Start importing Assets/Visuals/Sprites/Parts/wingBlue_0.png using Guid(c479dc67e56b8b34a83f876fd6dfcaea) Importer(815301076,1909f56bfc062723c751e8b465ee728b)  -> (artifact id: '94e3d83f8b13d568b68ab1dc210e4643') in 0.030107 seconds
  Import took 0.034535 seconds .

========================================================================
Received Import Request.
  Time since last request: 0.000241 seconds.
  path: Assets/Visuals/Sprites/Parts/wingGreen_6.png
  artifactKey: Guid(edc2f6bae617d5e4e9bd9a7105e1f0e7) Importer(815301076,1909f56bfc062723c751e8b465ee728b)
Start importing Assets/Visuals/Sprites/Parts/wingGreen_6.png using Guid(edc2f6bae617d5e4e9bd9a7105e1f0e7) Importer(815301076,1909f56bfc062723c751e8b465ee728b)  -> (artifact id: '024548780833d09d481d3d287f8acfea') in 0.041280 seconds
  Import took 0.045683 seconds .

========================================================================
Received Import Request.
  Time since last request: 0.000231 seconds.
  path: Assets/Visuals/Sprites/Parts/wingRed_3.png
  artifactKey: Guid(f8d36cf21f12f964badb67c58e812bd7) Importer(815301076,1909f56bfc062723c751e8b465ee728b)
Start importing Assets/Visuals/Sprites/Parts/wingRed_3.png using Guid(f8d36cf21f12f964badb67c58e812bd7) Importer(815301076,1909f56bfc062723c751e8b465ee728b)  -> (artifact id: '784a07982bcbe596e7c9da525724141f') in 0.042694 seconds
  Import took 0.047104 seconds .

========================================================================
Received Import Request.
  Time since last request: 0.000221 seconds.
  path: Assets/Visuals/Sprites/Parts/wingRed_0.png
  artifactKey: Guid(580671c0e647b3447b6530f544cbf691) Importer(815301076,1909f56bfc062723c751e8b465ee728b)
Start importing Assets/Visuals/Sprites/Parts/wingRed_0.png using Guid(580671c0e647b3447b6530f544cbf691) Importer(815301076,1909f56bfc062723c751e8b465ee728b)  -> (artifact id: '02593cd37876f86131e595911994d1f0') in 0.017183 seconds
  Import took 0.021626 seconds .

========================================================================
Received Import Request.
  Time since last request: 0.000276 seconds.
  path: Assets/Visuals/Sprites/Parts/wingYellow_1.png
  artifactKey: Guid(0edc457ebf9a4a14f96278790411d652) Importer(815301076,1909f56bfc062723c751e8b465ee728b)
Start importing Assets/Visuals/Sprites/Parts/wingYellow_1.png using Guid(0edc457ebf9a4a14f96278790411d652) Importer(815301076,1909f56bfc062723c751e8b465ee728b)  -> (artifact id: 'e50d2ec6cc28db0786af29612ba84af8') in 0.031553 seconds
  Import took 0.036423 seconds .

========================================================================
Received Import Request.
  Time since last request: 0.000246 seconds.
  path: Assets/Visuals/Sprites/Effects/PNG/window_01.png
  artifactKey: Guid(e6a7e79169ffc614ebdf2ed9823b2774) Importer(815301076,1909f56bfc062723c751e8b465ee728b)
Start importing Assets/Visuals/Sprites/Effects/PNG/window_01.png using Guid(e6a7e79169ffc614ebdf2ed9823b2774) Importer(815301076,1909f56bfc062723c751e8b465ee728b)  -> (artifact id: 'dfc5ea0cd5edc6cf013004adff5ed34d') in 0.065360 seconds
  Import took 0.069779 seconds .

========================================================================
Received Import Request.
  Time since last request: 0.000244 seconds.
  path: Assets/Visuals/Sprites/Parts/wingBlue_2.png
  artifactKey: Guid(50f17275e2a961943b4c1fc1c286eb9b) Importer(815301076,1909f56bfc062723c751e8b465ee728b)
Start importing Assets/Visuals/Sprites/Parts/wingBlue_2.png using Guid(50f17275e2a961943b4c1fc1c286eb9b) Importer(815301076,1909f56bfc062723c751e8b465ee728b)  -> (artifact id: '196f5d08c70889874be179a2b0fcebd9') in 0.036773 seconds
  Import took 0.041177 seconds .

========================================================================
Received Import Request.
  Time since last request: 0.000253 seconds.
  path: Assets/Visuals/Sprites/Parts/wingBlue_7.png
  artifactKey: Guid(41e649bf32d51ce41960442c94dc37d5) Importer(815301076,1909f56bfc062723c751e8b465ee728b)
Start importing Assets/Visuals/Sprites/Parts/wingBlue_7.png using Guid(41e649bf32d51ce41960442c94dc37d5) Importer(815301076,1909f56bfc062723c751e8b465ee728b)  -> (artifact id: '3ab4f4dc7be5ea6b2828172d607b2102') in 0.032956 seconds
  Import took 0.037367 seconds .

========================================================================
Received Import Request.
  Time since last request: 0.000275 seconds.
  path: Assets/Visuals/Sprites/Parts/wingBlue_5.png
  artifactKey: Guid(3d3072a89ee42bf45b854292786f09d8) Importer(815301076,1909f56bfc062723c751e8b465ee728b)
Start importing Assets/Visuals/Sprites/Parts/wingBlue_5.png using Guid(3d3072a89ee42bf45b854292786f09d8) Importer(815301076,1909f56bfc062723c751e8b465ee728b)  -> (artifact id: '46c2d6e277580a36da93edfb1a51a275') in 0.043808 seconds
  Import took 0.059189 seconds .

========================================================================
Received Import Request.
  Time since last request: 0.000222 seconds.
  path: Assets/Visuals/Sprites/Parts/wingBlue_1.png
  artifactKey: Guid(714847f78a6264d41a7344ab8dc657f6) Importer(815301076,1909f56bfc062723c751e8b465ee728b)
Start importing Assets/Visuals/Sprites/Parts/wingBlue_1.png using Guid(714847f78a6264d41a7344ab8dc657f6) Importer(815301076,1909f56bfc062723c751e8b465ee728b)  -> (artifact id: '14ac378bb268b10b85eb2b2c20abcfb3') in 0.030458 seconds
  Import took 0.034957 seconds .

========================================================================
Received Import Request.
  Time since last request: 0.000235 seconds.
  path: Assets/Visuals/Sprites/Effects/PNG/window_04.png
  artifactKey: Guid(c31b236200844694daf0e8b0582fc99f) Importer(815301076,1909f56bfc062723c751e8b465ee728b)
Start importing Assets/Visuals/Sprites/Effects/PNG/window_04.png using Guid(c31b236200844694daf0e8b0582fc99f) Importer(815301076,1909f56bfc062723c751e8b465ee728b)  -> (artifact id: '022e99835c7e0839c3643a76d8b088ce') in 0.061571 seconds
  Import took 0.066081 seconds .

========================================================================
Received Import Request.
  Time since last request: 0.000278 seconds.
  path: Assets/Visuals/Sprites/Parts/wingYellow_2.png
  artifactKey: Guid(00b19911425ada04689332ad7a7e24f0) Importer(815301076,1909f56bfc062723c751e8b465ee728b)
Start importing Assets/Visuals/Sprites/Parts/wingYellow_2.png using Guid(00b19911425ada04689332ad7a7e24f0) Importer(815301076,1909f56bfc062723c751e8b465ee728b)  -> (artifact id: 'b7d90e53373535811d185f43939db6a4') in 0.049814 seconds
  Import took 0.078709 seconds .

========================================================================
Received Import Request.
  Time since last request: 0.000220 seconds.
  path: Assets/Visuals/Sprites/Parts/wingGreen_1.png
  artifactKey: Guid(80c0aec1f7c0eb94291d166e156936d5) Importer(815301076,1909f56bfc062723c751e8b465ee728b)
Start importing Assets/Visuals/Sprites/Parts/wingGreen_1.png using Guid(80c0aec1f7c0eb94291d166e156936d5) Importer(815301076,1909f56bfc062723c751e8b465ee728b)  -> (artifact id: 'ad23eacea2e2307cd3a7868dfef79b9d') in 0.081200 seconds
  Import took 0.085691 seconds .

========================================================================
Received Import Request.
  Time since last request: 0.000245 seconds.
  path: Assets/Visuals/Sprites/Parts/wingGreen_2.png
  artifactKey: Guid(3f13a130b62f37f4db59f39bdcfc7f57) Importer(815301076,1909f56bfc062723c751e8b465ee728b)
Start importing Assets/Visuals/Sprites/Parts/wingGreen_2.png using Guid(3f13a130b62f37f4db59f39bdcfc7f57) Importer(815301076,1909f56bfc062723c751e8b465ee728b)  -> (artifact id: 'd36655bac7c46d74cbcaaafb55c8516b') in 0.088438 seconds
  Import took 0.092877 seconds .

========================================================================
Received Import Request.
  Time since last request: 0.000276 seconds.
  path: Assets/Visuals/Sprites/Parts/wingRed_5.png
  artifactKey: Guid(0366d608488be214a9276cd4f805aba7) Importer(815301076,1909f56bfc062723c751e8b465ee728b)
Start importing Assets/Visuals/Sprites/Parts/wingRed_5.png using Guid(0366d608488be214a9276cd4f805aba7) Importer(815301076,1909f56bfc062723c751e8b465ee728b)  -> (artifact id: '059aaefd311a97df6d4a0f7d4091ec76') in 0.071715 seconds
  Import took 0.076151 seconds .

========================================================================
Received Import Request.
  Time since last request: 0.000237 seconds.
  path: Assets/Visuals/Sprites/Parts/wingBlue_3.png
  artifactKey: Guid(6e251c9dd275dbd438330edd1d2ecd5f) Importer(815301076,1909f56bfc062723c751e8b465ee728b)
Start importing Assets/Visuals/Sprites/Parts/wingBlue_3.png using Guid(6e251c9dd275dbd438330edd1d2ecd5f) Importer(815301076,1909f56bfc062723c751e8b465ee728b)  -> (artifact id: '8d365243ddc46492bb932c883fc6283f') in 0.033570 seconds
  Import took 0.037951 seconds .

========================================================================
Received Import Request.
  Time since last request: 0.000239 seconds.
  path: Assets/Visuals/Sprites/Parts/wingGreen_4.png
  artifactKey: Guid(3658711120895ff42b8020f08fca903b) Importer(815301076,1909f56bfc062723c751e8b465ee728b)
Start importing Assets/Visuals/Sprites/Parts/wingGreen_4.png using Guid(3658711120895ff42b8020f08fca903b) Importer(815301076,1909f56bfc062723c751e8b465ee728b)  -> (artifact id: 'f9febaa22fe6d7aa5ea316a54fed0447') in 0.021177 seconds
  Import took 0.025611 seconds .

========================================================================
Received Import Request.
  Time since last request: 0.000258 seconds.
  path: Assets/Visuals/Sprites/Parts/wingRed_4.png
  artifactKey: Guid(49ffe582cfc89334f9aa8f397729312d) Importer(815301076,1909f56bfc062723c751e8b465ee728b)
Start importing Assets/Visuals/Sprites/Parts/wingRed_4.png using Guid(49ffe582cfc89334f9aa8f397729312d) Importer(815301076,1909f56bfc062723c751e8b465ee728b)  -> (artifact id: '3343cbf424245c2db3bd2d6e5f50ce4c') in 0.034464 seconds
  Import took 0.038874 seconds .

========================================================================
Received Import Request.
  Time since last request: 0.000242 seconds.
  path: Assets/Visuals/Sprites/Parts/wingYellow_0.png
  artifactKey: Guid(56fb42313a1ee6849b1b68ea7c3ace87) Importer(815301076,1909f56bfc062723c751e8b465ee728b)
Start importing Assets/Visuals/Sprites/Parts/wingYellow_0.png using Guid(56fb42313a1ee6849b1b68ea7c3ace87) Importer(815301076,1909f56bfc062723c751e8b465ee728b)  -> (artifact id: 'a81d9cda3ea7f1fb97fdf3b72f736b5c') in 0.046290 seconds
  Import took 0.050664 seconds .

========================================================================
Received Import Request.
  Time since last request: 0.000243 seconds.
  path: Assets/Visuals/Sprites/Parts/wingYellow_4.png
  artifactKey: Guid(e17f317aa59d523449c8149537ce5eae) Importer(815301076,1909f56bfc062723c751e8b465ee728b)
Start importing Assets/Visuals/Sprites/Parts/wingYellow_4.png using Guid(e17f317aa59d523449c8149537ce5eae) Importer(815301076,1909f56bfc062723c751e8b465ee728b)  -> (artifact id: '5bb5a266eeb2438aba1c382f467d8c32') in 0.036018 seconds
  Import took 0.083978 seconds .

========================================================================
Received Import Request.
  Time since last request: 0.000225 seconds.
  path: Assets/Visuals/Sprites/Enemies/ufoYellow.png
  artifactKey: Guid(6f6fa4819dccdf4459324c77c5419d82) Importer(815301076,1909f56bfc062723c751e8b465ee728b)
Start importing Assets/Visuals/Sprites/Enemies/ufoYellow.png using Guid(6f6fa4819dccdf4459324c77c5419d82) Importer(815301076,1909f56bfc062723c751e8b465ee728b)  -> (artifact id: '2f0303565acf47246b384258a9e2b78c') in 0.050676 seconds
  Import took 0.055082 seconds .

========================================================================
Received Import Request.
  Time since last request: 0.000236 seconds.
  path: Assets/Visuals/Sprites/Parts/wingRed_6.png
  artifactKey: Guid(f63e0f07e0c193143a48b7a8248e0f9a) Importer(815301076,1909f56bfc062723c751e8b465ee728b)
Start importing Assets/Visuals/Sprites/Parts/wingRed_6.png using Guid(f63e0f07e0c193143a48b7a8248e0f9a) Importer(815301076,1909f56bfc062723c751e8b465ee728b)  -> (artifact id: '3135ea4861289d23e80471208f655526') in 0.015563 seconds
  Import took 0.020146 seconds .

========================================================================
Received Import Request.
  Time since last request: 0.000221 seconds.
  path: Assets/Visuals/Sprites/Parts/wingYellow_3.png
  artifactKey: Guid(12a782cc679801b4b994bacfd9060a85) Importer(815301076,1909f56bfc062723c751e8b465ee728b)
Start importing Assets/Visuals/Sprites/Parts/wingYellow_3.png using Guid(12a782cc679801b4b994bacfd9060a85) Importer(815301076,1909f56bfc062723c751e8b465ee728b)  -> (artifact id: '7efdc6bed4d7bb38091da7fd9531cfd2') in 0.030698 seconds
  Import took 0.064519 seconds .

========================================================================
Received Import Request.
  Time since last request: 0.000222 seconds.
  path: Assets/Visuals/Sprites/Parts/wingGreen_0.png
  artifactKey: Guid(d2fdc5872c3861447b1ac5e4d8c70d8b) Importer(815301076,1909f56bfc062723c751e8b465ee728b)
Start importing Assets/Visuals/Sprites/Parts/wingGreen_0.png using Guid(d2fdc5872c3861447b1ac5e4d8c70d8b) Importer(815301076,1909f56bfc062723c751e8b465ee728b)  -> (artifact id: '5aa3e2fb1b78a2ffb12d398b31b5e0c2') in 0.037453 seconds
  Import took 0.041808 seconds .

========================================================================
Received Import Request.
  Time since last request: 0.000271 seconds.
  path: Assets/Visuals/Sprites/Parts/wingRed_1.png
  artifactKey: Guid(e8f4097d79176104fb498827177f494e) Importer(815301076,1909f56bfc062723c751e8b465ee728b)
Start importing Assets/Visuals/Sprites/Parts/wingRed_1.png using Guid(e8f4097d79176104fb498827177f494e) Importer(815301076,1909f56bfc062723c751e8b465ee728b)  -> (artifact id: 'dfa4158a12378d9cbe30832fe655a2e8') in 0.027850 seconds
  Import took 0.032698 seconds .

========================================================================
Received Import Request.
  Time since last request: 0.000250 seconds.
  path: Assets/Visuals/Sprites/Parts/wingRed_7.png
  artifactKey: Guid(596fb4ef2fa21d746bb475b01f4a88b3) Importer(815301076,1909f56bfc062723c751e8b465ee728b)
Start importing Assets/Visuals/Sprites/Parts/wingRed_7.png using Guid(596fb4ef2fa21d746bb475b01f4a88b3) Importer(815301076,1909f56bfc062723c751e8b465ee728b)  -> (artifact id: '067df19214be5685e5368f7c4e5d899d') in 0.019065 seconds
  Import took 0.023566 seconds .

========================================================================
Received Import Request.
  Time since last request: 0.000281 seconds.
  path: Assets/Visuals/Sprites/Parts/wingRed_2.png
  artifactKey: Guid(cc83910d069082842a7630f0f203f9ba) Importer(815301076,1909f56bfc062723c751e8b465ee728b)
Start importing Assets/Visuals/Sprites/Parts/wingRed_2.png using Guid(cc83910d069082842a7630f0f203f9ba) Importer(815301076,1909f56bfc062723c751e8b465ee728b)  -> (artifact id: '8a4cf733205ff590ff3b46857e47186d') in 0.026867 seconds
  Import took 0.031702 seconds .

========================================================================
Received Import Request.
  Time since last request: 0.000231 seconds.
  path: Assets/Visuals/Sprites/Parts/wingYellow_7.png
  artifactKey: Guid(873f610205056ca47aca7c9a1a459b75) Importer(815301076,1909f56bfc062723c751e8b465ee728b)
Start importing Assets/Visuals/Sprites/Parts/wingYellow_7.png using Guid(873f610205056ca47aca7c9a1a459b75) Importer(815301076,1909f56bfc062723c751e8b465ee728b)  -> (artifact id: '20852a6c6479b862bce0305f39bbc853') in 0.028250 seconds
  Import took 0.032733 seconds .

========================================================================
Received Prepare
Registering precompiled user dll's ...
Registered in 0.001852 seconds.
Begin MonoManager ReloadAssembly
Native extension for LinuxStandalone target not found
Native extension for WindowsStandalone target not found
Native extension for OSXStandalone target not found
Native extension for WebGL target not found
Refreshing native plugins compatible for Editor in 0.62 ms, found 1 plugins.
Preloading 0 native plugins for Editor in 0.00 ms.
Mono: successfully reloaded assembly
- Completed reload, in  1.043 seconds
Platform modules already initialized, skipping
Shader 'Universal Render Pipeline/Particles/Lit': fallback shader 'Universal Render Pipeline/Particles/SimpleLit' not found
Refreshing native plugins compatible for Editor in 0.62 ms, found 1 plugins.
Preloading 0 native plugins for Editor in 0.00 ms.
Unloading 3150 Unused Serialized files (Serialized files now loaded: 0)
System memory in use before: 140.0 MB.
System memory in use after: 140.1 MB.

Unloading 13 unused Assets to reduce memory usage. Loaded Objects now: 3730.
Total: 2.703600 ms (FindLiveObjects: 0.313200 ms CreateObjectMapping: 0.088400 ms MarkObjects: 2.184400 ms  DeleteObjects: 0.116800 ms)

========================================================================
Received Prepare
Registering precompiled user dll's ...
Registered in 0.001806 seconds.
Begin MonoManager ReloadAssembly
Native extension for LinuxStandalone target not found
Native extension for WindowsStandalone target not found
Native extension for OSXStandalone target not found
Native extension for WebGL target not found
Refreshing native plugins compatible for Editor in 0.61 ms, found 1 plugins.
Preloading 0 native plugins for Editor in 0.00 ms.
Mono: successfully reloaded assembly
- Completed reload, in  1.021 seconds
Platform modules already initialized, skipping
Shader 'Universal Render Pipeline/Particles/Lit': fallback shader 'Universal Render Pipeline/Particles/SimpleLit' not found
Refreshing native plugins compatible for Editor in 0.67 ms, found 1 plugins.
Preloading 0 native plugins for Editor in 0.00 ms.
Unloading 3150 Unused Serialized files (Serialized files now loaded: 0)
System memory in use before: 140.0 MB.
System memory in use after: 140.1 MB.

Unloading 13 unused Assets to reduce memory usage. Loaded Objects now: 3734.
Total: 3.509600 ms (FindLiveObjects: 0.335700 ms CreateObjectMapping: 0.086800 ms MarkObjects: 2.951900 ms  DeleteObjects: 0.133600 ms)

========================================================================
Received Import Request.
  Time since last request: 1402.351943 seconds.
  path: ProjectSettings/TagManager.asset
  artifactKey: Guid(00000000000000003000000000000000) Importer(815301076,1909f56bfc062723c751e8b465ee728b)
Start importing ProjectSettings/TagManager.asset using Guid(00000000000000003000000000000000) Importer(815301076,1909f56bfc062723c751e8b465ee728b)  -> (artifact id: 'eed5ec4e7772b6069a4f841259d15bee') in 0.026732 seconds
  Import took 0.052127 seconds .

========================================================================
Received Import Request.
  Time since last request: 2329.554757 seconds.
  path: Assets/Prefabs/General/Explosions/Shock Wave Material.mat
  artifactKey: Guid(5f728986cc693624c9d98b3fceecb80e) Importer(815301076,1909f56bfc062723c751e8b465ee728b)
Start importing Assets/Prefabs/General/Explosions/Shock Wave Material.mat using Guid(5f728986cc693624c9d98b3fceecb80e) Importer(815301076,1909f56bfc062723c751e8b465ee728b)  -> (artifact id: '11a5f0c4160bcf12ca72f88ca0731ca1') in 0.234463 seconds
  Import took 0.240405 seconds .

========================================================================
Received Import Request.
  Time since last request: 1046.311794 seconds.
  path: Assets/Prefabs/General/Explosions/Shock Wave Material.mat
  artifactKey: Guid(5f728986cc693624c9d98b3fceecb80e) Importer(815301076,1909f56bfc062723c751e8b465ee728b)
Start importing Assets/Prefabs/General/Explosions/Shock Wave Material.mat using Guid(5f728986cc693624c9d98b3fceecb80e) Importer(815301076,1909f56bfc062723c751e8b465ee728b)  -> (artifact id: '099e79661a659204af839253f9a74073') in 0.017014 seconds
  Import took 0.021943 seconds .

========================================================================
Received Import Request.
  Time since last request: 0.001615 seconds.
  path: Assets/Prefabs/General/Explosions/Shock Wave Material.mat
  artifactKey: Guid(5f728986cc693624c9d98b3fceecb80e) Importer(815301076,1909f56bfc062723c751e8b465ee728b)
Start importing Assets/Prefabs/General/Explosions/Shock Wave Material.mat using Guid(5f728986cc693624c9d98b3fceecb80e) Importer(815301076,1909f56bfc062723c751e8b465ee728b)  -> (artifact id: '099e79661a659204af839253f9a74073') in 0.028640 seconds
  Import took 0.033211 seconds .

========================================================================
Received Import Request.
  Time since last request: 1.744689 seconds.
  path: Assets/Prefabs/General/Explosions/Hot Shards Material.mat
  artifactKey: Guid(8dcd148490440af4db177e32aaecdb58) Importer(815301076,1909f56bfc062723c751e8b465ee728b)
Start importing Assets/Prefabs/General/Explosions/Hot Shards Material.mat using Guid(8dcd148490440af4db177e32aaecdb58) Importer(815301076,1909f56bfc062723c751e8b465ee728b)  -> (artifact id: 'd3d23b49a53e5bcffc12c64d290e1c00') in 0.029083 seconds
  Import took 0.033973 seconds .

========================================================================
Received Import Request.
  Time since last request: 2.845764 seconds.
  path: Assets/Prefabs/General/Explosions/Heal Swirl Material.mat
  artifactKey: Guid(96598dd01d8bbf547b00cde4c51dee40) Importer(815301076,1909f56bfc062723c751e8b465ee728b)
Start importing Assets/Prefabs/General/Explosions/Heal Swirl Material.mat using Guid(96598dd01d8bbf547b00cde4c51dee40) Importer(815301076,1909f56bfc062723c751e8b465ee728b)  -> (artifact id: 'af50ea6fd3a2284361e3d35bc5d611dd') in 0.014703 seconds
  Import took 0.019620 seconds .

========================================================================
Received Import Request.
  Time since last request: 0.007358 seconds.
  path: Assets/Prefabs/General/Explosions/Heal Swirl Material.mat
  artifactKey: Guid(96598dd01d8bbf547b00cde4c51dee40) Importer(815301076,1909f56bfc062723c751e8b465ee728b)
Start importing Assets/Prefabs/General/Explosions/Heal Swirl Material.mat using Guid(96598dd01d8bbf547b00cde4c51dee40) Importer(815301076,1909f56bfc062723c751e8b465ee728b)  -> (artifact id: 'af50ea6fd3a2284361e3d35bc5d611dd') in 0.010614 seconds
  Import took 0.015148 seconds .

========================================================================
Received Import Request.
  Time since last request: 71.407088 seconds.
  path: Assets/Prefabs/General/Explosions/Ship Explosion.prefab
  artifactKey: Guid(22131037a4ce568428f258ed0a4958b3) Importer(815301076,1909f56bfc062723c751e8b465ee728b)
Start importing Assets/Prefabs/General/Explosions/Ship Explosion.prefab using Guid(22131037a4ce568428f258ed0a4958b3) Importer(815301076,1909f56bfc062723c751e8b465ee728b)  -> (artifact id: '759f636ddea14b6a58732784a02fdf3b') in 0.017028 seconds
  Import took 0.022094 seconds .

========================================================================
Received Import Request.
  Time since last request: 0.002102 seconds.
  path: Assets/Prefabs/General/Explosions/Ship Explosion.prefab
  artifactKey: Guid(22131037a4ce568428f258ed0a4958b3) Importer(815301076,1909f56bfc062723c751e8b465ee728b)
Start importing Assets/Prefabs/General/Explosions/Ship Explosion.prefab using Guid(22131037a4ce568428f258ed0a4958b3) Importer(815301076,1909f56bfc062723c751e8b465ee728b)  -> (artifact id: '759f636ddea14b6a58732784a02fdf3b') in 0.004287 seconds
  Import took 0.009006 seconds .

========================================================================
Received Import Request.
  Time since last request: 49.757871 seconds.
  path: Assets/Visuals/Materials/Particle Effects Materials
  artifactKey: Guid(bc05e96b061a89049a4b5d97a29e82dc) Importer(815301076,1909f56bfc062723c751e8b465ee728b)
Start importing Assets/Visuals/Materials/Particle Effects Materials using Guid(bc05e96b061a89049a4b5d97a29e82dc) Importer(815301076,1909f56bfc062723c751e8b465ee728b)  -> (artifact id: '98e60a77a35e3ec56df2738efe7bbdd7') in 0.005811 seconds
  Import took 0.010624 seconds .

========================================================================
Received Import Request.
  Time since last request: 12.225877 seconds.
  path: Assets/Visuals/Materials/Particle Effects Materials/Ship Explosion
  artifactKey: Guid(c0926db96acb3044c9b841d4102ce62b) Importer(815301076,1909f56bfc062723c751e8b465ee728b)
Start importing Assets/Visuals/Materials/Particle Effects Materials/Ship Explosion using Guid(c0926db96acb3044c9b841d4102ce62b) Importer(815301076,1909f56bfc062723c751e8b465ee728b)  -> (artifact id: 'ac6bae57d06d0d51068fabfabc92c727') in 0.002100 seconds
  Import took 0.029836 seconds .

========================================================================
Received Import Request.
  Time since last request: 54.220178 seconds.
  path: ProjectSettings/TagManager.asset
  artifactKey: Guid(00000000000000003000000000000000) Importer(815301076,1909f56bfc062723c751e8b465ee728b)
Start importing ProjectSettings/TagManager.asset using Guid(00000000000000003000000000000000) Importer(815301076,1909f56bfc062723c751e8b465ee728b)  -> (artifact id: 'e8b36b81b58131c1e4cd4c5ab11bb97d') in 0.002766 seconds
  Import took 0.007546 seconds .

========================================================================
Received Import Request.
  Time since last request: 1692.236979 seconds.
  path: Assets/Prefabs/General/Explosions/Ship Explosion.prefab
  artifactKey: Guid(22131037a4ce568428f258ed0a4958b3) Importer(815301076,1909f56bfc062723c751e8b465ee728b)
Start importing Assets/Prefabs/General/Explosions/Ship Explosion.prefab using Guid(22131037a4ce568428f258ed0a4958b3) Importer(815301076,1909f56bfc062723c751e8b465ee728b)  -> (artifact id: '752023cbab79da799eaccf19b2c272ae') in 0.008275 seconds
  Import took 0.013595 seconds .

========================================================================
Received Import Request.
  Time since last request: 0.000385 seconds.
  path: Assets/Prefabs/General/Explosions/Ship Explosion.prefab
  artifactKey: Guid(22131037a4ce568428f258ed0a4958b3) Importer(815301076,1909f56bfc062723c751e8b465ee728b)
Start importing Assets/Prefabs/General/Explosions/Ship Explosion.prefab using Guid(22131037a4ce568428f258ed0a4958b3) Importer(815301076,1909f56bfc062723c751e8b465ee728b)  -> (artifact id: '752023cbab79da799eaccf19b2c272ae') in 0.004195 seconds
  Import took 0.008866 seconds .

========================================================================
Received Prepare
Registering precompiled user dll's ...
Registered in 0.001861 seconds.
Begin MonoManager ReloadAssembly
Native extension for LinuxStandalone target not found
Native extension for WindowsStandalone target not found
Native extension for OSXStandalone target not found
Native extension for WebGL target not found
Refreshing native plugins compatible for Editor in 0.61 ms, found 1 plugins.
Preloading 0 native plugins for Editor in 0.00 ms.
Mono: successfully reloaded assembly
- Completed reload, in  1.079 seconds
Platform modules already initialized, skipping
Shader 'Universal Render Pipeline/Particles/Lit': fallback shader 'Universal Render Pipeline/Particles/SimpleLit' not found
Refreshing native plugins compatible for Editor in 0.60 ms, found 1 plugins.
Preloading 0 native plugins for Editor in 0.00 ms.
Unloading 3150 Unused Serialized files (Serialized files now loaded: 0)
System memory in use before: 142.5 MB.
System memory in use after: 142.5 MB.

Unloading 15 unused Assets to reduce memory usage. Loaded Objects now: 3814.
Total: 2.763500 ms (FindLiveObjects: 0.294500 ms CreateObjectMapping: 0.085200 ms MarkObjects: 2.267900 ms  DeleteObjects: 0.114900 ms)

========================================================================
Received Import Request.
  Time since last request: 443.582311 seconds.
  path: Assets/Visuals/Particle Systems
  artifactKey: Guid(14f49de4c550eb54c9f32505aaa2e8f2) Importer(815301076,1909f56bfc062723c751e8b465ee728b)
Start importing Assets/Visuals/Particle Systems using Guid(14f49de4c550eb54c9f32505aaa2e8f2) Importer(815301076,1909f56bfc062723c751e8b465ee728b)  -> (artifact id: 'fb627481c5ac1e2e601b4e1d71627309') in 0.009735 seconds
  Import took 0.014644 seconds .

========================================================================
Received Import Request.
  Time since last request: 24.460619 seconds.
  path: Assets/Prefabs/Particle Systems
  artifactKey: Guid(d73945663957c974fa8e3ebd4cefe185) Importer(815301076,1909f56bfc062723c751e8b465ee728b)
Start importing Assets/Prefabs/Particle Systems using Guid(d73945663957c974fa8e3ebd4cefe185) Importer(815301076,1909f56bfc062723c751e8b465ee728b)  -> (artifact id: '21cd41ad24cbb009dd787aa5a6b070c3') in 0.002446 seconds
  Import took 0.007849 seconds .

========================================================================
Received Import Request.
  Time since last request: 41.019378 seconds.
  path: Assets/Visuals/Materials/Particle Systems Materials
  artifactKey: Guid(bc05e96b061a89049a4b5d97a29e82dc) Importer(815301076,1909f56bfc062723c751e8b465ee728b)
Start importing Assets/Visuals/Materials/Particle Systems Materials using Guid(bc05e96b061a89049a4b5d97a29e82dc) Importer(815301076,1909f56bfc062723c751e8b465ee728b)  -> (artifact id: 'd4142d7f3a0c5f3dd4f79509c41e24ba') in 0.008032 seconds
  Import took 0.012937 seconds .

========================================================================
Received Import Request.
  Time since last request: 12.156883 seconds.
  path: Assets/Visuals/Materials/Space Backgrounds Materials
  artifactKey: Guid(8720226bdabfa2c4ba1a98b8fe454141) Importer(815301076,1909f56bfc062723c751e8b465ee728b)
Start importing Assets/Visuals/Materials/Space Backgrounds Materials using Guid(8720226bdabfa2c4ba1a98b8fe454141) Importer(815301076,1909f56bfc062723c751e8b465ee728b)  -> (artifact id: 'f971ab6eb39c200d2e546799a459e01f') in 0.006480 seconds
  Import took 0.011503 seconds .

========================================================================
Received Import Request.
  Time since last request: 885.969251 seconds.
  path: Assets/Visuals/Materials/Particle Systems Materials/Muzzle Flash Material.mat
  artifactKey: Guid(0ce4cd6c49079564f988c8d80e1086a9) Importer(815301076,1909f56bfc062723c751e8b465ee728b)
Start importing Assets/Visuals/Materials/Particle Systems Materials/Muzzle Flash Material.mat using Guid(0ce4cd6c49079564f988c8d80e1086a9) Importer(815301076,1909f56bfc062723c751e8b465ee728b)  -> (artifact id: '711d1664e58e5eec847cd8c2f2232b60') in 0.168892 seconds
  Import took 0.173940 seconds .

========================================================================
Received Import Request.
  Time since last request: 41.937828 seconds.
  path: Assets/Prefabs/Particle Systems/Explosions/Muzzle Flash.prefab
  artifactKey: Guid(179e62d470ed7af4aa8e0f071a1baa62) Importer(815301076,1909f56bfc062723c751e8b465ee728b)
Start importing Assets/Prefabs/Particle Systems/Explosions/Muzzle Flash.prefab using Guid(179e62d470ed7af4aa8e0f071a1baa62) Importer(815301076,1909f56bfc062723c751e8b465ee728b)  -> (artifact id: 'a9c2bfe901fa20812237d7c0699abe13') in 0.015030 seconds
  Import took 0.020030 seconds .

========================================================================
Received Import Request.
  Time since last request: 0.000457 seconds.
  path: Assets/Prefabs/Particle Systems/Explosions/Muzzle Flash.prefab
  artifactKey: Guid(179e62d470ed7af4aa8e0f071a1baa62) Importer(815301076,1909f56bfc062723c751e8b465ee728b)
Start importing Assets/Prefabs/Particle Systems/Explosions/Muzzle Flash.prefab using Guid(179e62d470ed7af4aa8e0f071a1baa62) Importer(815301076,1909f56bfc062723c751e8b465ee728b)  -> (artifact id: 'a9c2bfe901fa20812237d7c0699abe13') in 0.003887 seconds
  Import took 0.008340 seconds .

========================================================================
Received Import Request.
  Time since last request: 587.976358 seconds.
  path: Assets/Prefabs/Particle Systems/Lasers/Laser Hit.prefab
  artifactKey: Guid(a0caf5e5d11a70b4689afc453bcbf2ec) Importer(815301076,1909f56bfc062723c751e8b465ee728b)
Start importing Assets/Prefabs/Particle Systems/Lasers/Laser Hit.prefab using Guid(a0caf5e5d11a70b4689afc453bcbf2ec) Importer(815301076,1909f56bfc062723c751e8b465ee728b)  -> (artifact id: '274b57c86742640c3b481d53ca1819f3') in 0.007929 seconds
  Import took 0.012866 seconds .

========================================================================
Received Import Request.
  Time since last request: 0.005660 seconds.
  path: Assets/Prefabs/Particle Systems/Lasers/Laser Hit.prefab
  artifactKey: Guid(a0caf5e5d11a70b4689afc453bcbf2ec) Importer(815301076,1909f56bfc062723c751e8b465ee728b)
Start importing Assets/Prefabs/Particle Systems/Lasers/Laser Hit.prefab using Guid(a0caf5e5d11a70b4689afc453bcbf2ec) Importer(815301076,1909f56bfc062723c751e8b465ee728b)  -> (artifact id: '274b57c86742640c3b481d53ca1819f3') in 0.003888 seconds
  Import took 0.008547 seconds .

========================================================================
Received Import Request.
  Time since last request: 152.146571 seconds.
  path: Assets/Visuals/Materials/Particle Systems Materials/Laser Hit Material.mat
  artifactKey: Guid(b566e141075e9b54187b8ed847f49f22) Importer(815301076,1909f56bfc062723c751e8b465ee728b)
Start importing Assets/Visuals/Materials/Particle Systems Materials/Laser Hit Material.mat using Guid(b566e141075e9b54187b8ed847f49f22) Importer(815301076,1909f56bfc062723c751e8b465ee728b)  -> (artifact id: 'f9a0c5de014ba9fa4d11fa8cea426eeb') in 0.012199 seconds
  Import took 0.017183 seconds .

========================================================================
Received Import Request.
  Time since last request: 17.515617 seconds.
  path: Assets/Prefabs/Particle Systems/Lasers/Laser Hit.prefab
  artifactKey: Guid(a0caf5e5d11a70b4689afc453bcbf2ec) Importer(815301076,1909f56bfc062723c751e8b465ee728b)
Start importing Assets/Prefabs/Particle Systems/Lasers/Laser Hit.prefab using Guid(a0caf5e5d11a70b4689afc453bcbf2ec) Importer(815301076,1909f56bfc062723c751e8b465ee728b)  -> (artifact id: '960ab567e40c43de0eae3e30429480d2') in 0.003929 seconds
  Import took 0.008828 seconds .

========================================================================
Received Import Request.
  Time since last request: 8.972051 seconds.
  path: Assets/Visuals/Materials/Particle Systems Materials/Laser Muzzle Flash Material.mat
  artifactKey: Guid(0ce4cd6c49079564f988c8d80e1086a9) Importer(815301076,1909f56bfc062723c751e8b465ee728b)
Start importing Assets/Visuals/Materials/Particle Systems Materials/Laser Muzzle Flash Material.mat using Guid(0ce4cd6c49079564f988c8d80e1086a9) Importer(815301076,1909f56bfc062723c751e8b465ee728b)  -> (artifact id: 'a42d57b17890a03ea95d55794e1b5f9b') in 0.012268 seconds
  Import took 0.017676 seconds .

========================================================================
Received Import Request.
  Time since last request: 148.865109 seconds.
  path: Assets/Visuals/Materials/Particle Systems Materials/Lasers
  artifactKey: Guid(730a5ffc828bf5f45895c2a3c4ea187d) Importer(815301076,1909f56bfc062723c751e8b465ee728b)
Start importing Assets/Visuals/Materials/Particle Systems Materials/Lasers using Guid(730a5ffc828bf5f45895c2a3c4ea187d) Importer(815301076,1909f56bfc062723c751e8b465ee728b)  -> (artifact id: '91e2c13561f2b55c7aa3c34cdfb1e38a') in 0.017397 seconds
  Import took 0.022245 seconds .

========================================================================
Received Import Request.
  Time since last request: 829.354318 seconds.
  path: Assets/Prefabs/Particle Systems/Lasers/Laser Trail.prefab
  artifactKey: Guid(ad0aa7302dae49e498eb4b06518416d9) Importer(815301076,1909f56bfc062723c751e8b465ee728b)
Start importing Assets/Prefabs/Particle Systems/Lasers/Laser Trail.prefab using Guid(ad0aa7302dae49e498eb4b06518416d9) Importer(815301076,1909f56bfc062723c751e8b465ee728b)  -> (artifact id: 'e692f30205fc8dd99b781e9ea0e35e4a') in 0.008067 seconds
  Import took 0.013052 seconds .

========================================================================
Received Import Request.
  Time since last request: 0.005156 seconds.
  path: Assets/Prefabs/Particle Systems/Lasers/Laser Trail.prefab
  artifactKey: Guid(ad0aa7302dae49e498eb4b06518416d9) Importer(815301076,1909f56bfc062723c751e8b465ee728b)
Start importing Assets/Prefabs/Particle Systems/Lasers/Laser Trail.prefab using Guid(ad0aa7302dae49e498eb4b06518416d9) Importer(815301076,1909f56bfc062723c751e8b465ee728b)  -> (artifact id: 'e692f30205fc8dd99b781e9ea0e35e4a') in 0.003893 seconds
  Import took 0.008857 seconds .

========================================================================
Received Import Request.
  Time since last request: 89.465202 seconds.
  path: Assets/Prefabs/Scene Prefabs
  artifactKey: Guid(ec2c69ce64cfc64418a0a5f3f46df237) Importer(815301076,1909f56bfc062723c751e8b465ee728b)
Start importing Assets/Prefabs/Scene Prefabs using Guid(ec2c69ce64cfc64418a0a5f3f46df237) Importer(815301076,1909f56bfc062723c751e8b465ee728b)  -> (artifact id: 'f50a8a0ed570ff035dae22ddd9fcfa29') in 0.005844 seconds
  Import took 0.010602 seconds .

========================================================================
Received Import Request.
  Time since last request: 4.814523 seconds.
  path: Assets/Prefabs/Scene Prefabs/Level
  artifactKey: Guid(bffba9d1031f478489488a1f2e5a913d) Importer(815301076,1909f56bfc062723c751e8b465ee728b)
Start importing Assets/Prefabs/Scene Prefabs/Level using Guid(bffba9d1031f478489488a1f2e5a913d) Importer(815301076,1909f56bfc062723c751e8b465ee728b)  -> (artifact id: '24ef6a4f60edad6c81b196b4c8ef9a35') in 0.018250 seconds
  Import took 0.023070 seconds .

