Using pre-set license
Built from '2020.3/staging' branch; Version is '2020.3.8f1 (507919d4fff5) revision 5273881'; Using compiler version '192528614'; Build Type 'Release'
OS: 'Windows 10 Pro; OS build 19043.985; Version 2009; 64bit' Language: 'ru' Physical Memory: 16320 MB
BatchMode: 1, IsHumanControllingUs: 0, StartBugReporterOnCrash: 0, Is64bit: 1, IsPro: 0

 COMMAND LINE ARGUMENTS:
C:\Program Files\Unity\Editor\2020.3.8f1\Editor\Unity.exe
-adb2
-batchMode
-noUpm
-name
AssetImportWorker0
-projectPath
D:/Unity Projects/Space_Defender/Space Defender
-logFile
Logs/AssetImportWorker0.log
-srvPort
49868
Successfully changed project path to: D:/Unity Projects/Space_Defender/Space Defender
D:/Unity Projects/Space_Defender/Space Defender
Using Asset Import Pipeline V2.
Refreshing native plugins compatible for Editor in 69.93 ms, found 1 plugins.
Preloading 0 native plugins for Editor in 0.00 ms.
Initialize engine version: 2020.3.8f1 (507919d4fff5)
[Subsystems] Discovering subsystems at path C:/Program Files/Unity/Editor/2020.3.8f1/Editor/Data/Resources/UnitySubsystems
[Subsystems] Discovering subsystems at path D:/Unity Projects/Space_Defender/Space Defender/Assets
GfxDevice: creating device client; threaded=0
Direct3D:
    Version:  Direct3D 11.0 [level 11.1]
    Renderer: NVIDIA GeForce GTX 1060 6GB (ID=0x1c03)
    Vendor:   
    VRAM:     6052 MB
    Driver:   27.21.14.6647
Shader 'Universal Render Pipeline/Particles/Lit': fallback shader 'Universal Render Pipeline/Particles/SimpleLit' not found
Initialize mono
Mono path[0] = 'C:/Program Files/Unity/Editor/2020.3.8f1/Editor/Data/Managed'
Mono path[1] = 'C:/Program Files/Unity/Editor/2020.3.8f1/Editor/Data/MonoBleedingEdge/lib/mono/unityjit'
Mono config path = 'C:/Program Files/Unity/Editor/2020.3.8f1/Editor/Data/MonoBleedingEdge/etc'
Using monoOptions --debugger-agent=transport=dt_socket,embedding=1,server=y,suspend=n,address=127.0.0.1:56160
Begin MonoManager ReloadAssembly
Registering precompiled unity dll's ...
Register platform support module: C:/Program Files/Unity/Editor/2020.3.8f1/Editor/Data/PlaybackEngines/WebGLSupport/UnityEditor.WebGL.Extensions.dll
Register platform support module: C:/Program Files/Unity/Editor/2020.3.8f1/Editor/Data/PlaybackEngines/MacStandaloneSupport/UnityEditor.OSXStandalone.Extensions.dll
Register platform support module: C:/Program Files/Unity/Editor/2020.3.8f1/Editor/Data/PlaybackEngines/WindowsStandaloneSupport/UnityEditor.WindowsStandalone.Extensions.dll
Register platform support module: C:/Program Files/Unity/Editor/2020.3.8f1/Editor/Data/PlaybackEngines/LinuxStandaloneSupport/UnityEditor.LinuxStandalone.Extensions.dll
Registered in 0.003837 seconds.
Native extension for LinuxStandalone target not found
Native extension for WindowsStandalone target not found
Native extension for OSXStandalone target not found
Native extension for WebGL target not found
Refreshing native plugins compatible for Editor in 69.83 ms, found 1 plugins.
Preloading 0 native plugins for Editor in 0.00 ms.
Mono: successfully reloaded assembly
- Completed reload, in  1.298 seconds
Platform modules already initialized, skipping
Registering precompiled user dll's ...
Registered in 0.001801 seconds.
Begin MonoManager ReloadAssembly
Native extension for LinuxStandalone target not found
Native extension for WindowsStandalone target not found
Native extension for OSXStandalone target not found
Native extension for WebGL target not found
Refreshing native plugins compatible for Editor in 69.31 ms, found 1 plugins.
Preloading 0 native plugins for Editor in 0.00 ms.
Mono: successfully reloaded assembly
- Completed reload, in  1.189 seconds
Platform modules already initialized, skipping
========================================================================
Worker process is ready to serve import requests
Shader 'Universal Render Pipeline/Particles/Lit': fallback shader 'Universal Render Pipeline/Particles/SimpleLit' not found
Launched and connected shader compiler UnityShaderCompiler.exe after 0.04 seconds
Refreshing native plugins compatible for Editor in 0.59 ms, found 1 plugins.
Preloading 0 native plugins for Editor in 0.00 ms.
Unloading 3272 Unused Serialized files (Serialized files now loaded: 0)
System memory in use before: 143.8 MB.
System memory in use after: 143.9 MB.

Unloading 27 unused Assets to reduce memory usage. Loaded Objects now: 3716.
Total: 2.719500 ms (FindLiveObjects: 0.302600 ms CreateObjectMapping: 0.085400 ms MarkObjects: 2.184400 ms  DeleteObjects: 0.145600 ms)

========================================================================
Received Import Request.
  path: Assets/Prefabs/Scene Prefabs
  artifactKey: Guid(ec2c69ce64cfc64418a0a5f3f46df237) Importer(815301076,1909f56bfc062723c751e8b465ee728b)
Start importing Assets/Prefabs/Scene Prefabs using Guid(ec2c69ce64cfc64418a0a5f3f46df237) Importer(815301076,1909f56bfc062723c751e8b465ee728b)  -> (artifact id: '6ca5d870ccd8e74899a624c48b88f960') in 0.078686 seconds
  Import took 0.083573 seconds .

========================================================================
Received Import Request.
  Time since last request: 102.638523 seconds.
  path: Assets/Prefabs/Scene Prefabs/Bootstrapper/Camera Holder.prefab
  artifactKey: Guid(f2cbc975ec0320547ae5754983045fd0) Importer(815301076,1909f56bfc062723c751e8b465ee728b)
Start importing Assets/Prefabs/Scene Prefabs/Bootstrapper/Camera Holder.prefab using Guid(f2cbc975ec0320547ae5754983045fd0) Importer(815301076,1909f56bfc062723c751e8b465ee728b)  -> (artifact id: 'ac420897f34e043c74de6e9c560a5a20') in 0.115387 seconds
  Import took 0.120242 seconds .

========================================================================
Received Prepare
Registering precompiled user dll's ...
Registered in 0.002287 seconds.
Begin MonoManager ReloadAssembly
Native extension for LinuxStandalone target not found
Native extension for WindowsStandalone target not found
Native extension for OSXStandalone target not found
Native extension for WebGL target not found
Refreshing native plugins compatible for Editor in 0.61 ms, found 1 plugins.
Preloading 0 native plugins for Editor in 0.00 ms.
Mono: successfully reloaded assembly
- Completed reload, in  1.063 seconds
Platform modules already initialized, skipping
Shader 'Universal Render Pipeline/Particles/Lit': fallback shader 'Universal Render Pipeline/Particles/SimpleLit' not found
Refreshing native plugins compatible for Editor in 0.61 ms, found 1 plugins.
Preloading 0 native plugins for Editor in 0.00 ms.
Unloading 3164 Unused Serialized files (Serialized files now loaded: 0)
System memory in use before: 137.1 MB.
System memory in use after: 137.2 MB.

Unloading 13 unused Assets to reduce memory usage. Loaded Objects now: 3720.
Total: 2.782800 ms (FindLiveObjects: 0.305200 ms CreateObjectMapping: 0.090500 ms MarkObjects: 2.233000 ms  DeleteObjects: 0.153000 ms)

========================================================================
Received Prepare
Registering precompiled user dll's ...
Registered in 0.001788 seconds.
Begin MonoManager ReloadAssembly
Native extension for LinuxStandalone target not found
Native extension for WindowsStandalone target not found
Native extension for OSXStandalone target not found
Native extension for WebGL target not found
Refreshing native plugins compatible for Editor in 0.66 ms, found 1 plugins.
Preloading 0 native plugins for Editor in 0.00 ms.
Mono: successfully reloaded assembly
- Completed reload, in  1.048 seconds
Platform modules already initialized, skipping
Shader 'Universal Render Pipeline/Particles/Lit': fallback shader 'Universal Render Pipeline/Particles/SimpleLit' not found
Refreshing native plugins compatible for Editor in 0.63 ms, found 1 plugins.
Preloading 0 native plugins for Editor in 0.00 ms.
Unloading 3164 Unused Serialized files (Serialized files now loaded: 0)
System memory in use before: 137.2 MB.
System memory in use after: 137.3 MB.

Unloading 13 unused Assets to reduce memory usage. Loaded Objects now: 3724.
Total: 2.905900 ms (FindLiveObjects: 0.346600 ms CreateObjectMapping: 0.087700 ms MarkObjects: 2.346800 ms  DeleteObjects: 0.123500 ms)

========================================================================
Received Import Request.
  Time since last request: 349.169883 seconds.
  path: Assets/Visuals/Materials
  artifactKey: Guid(dbae9087afdd15a46b69ec8652b8fe4d) Importer(815301076,1909f56bfc062723c751e8b465ee728b)
Start importing Assets/Visuals/Materials using Guid(dbae9087afdd15a46b69ec8652b8fe4d) Importer(815301076,1909f56bfc062723c751e8b465ee728b)  -> (artifact id: 'b3acaf3c343a120c9a5ab52d9f0ff54c') in 0.078937 seconds
  Import took 0.084030 seconds .

========================================================================
Received Import Request.
  Time since last request: 11.849879 seconds.
  path: Assets/Visuals/Materials/Space Backgrounds Materials
  artifactKey: Guid(8720226bdabfa2c4ba1a98b8fe454141) Importer(815301076,1909f56bfc062723c751e8b465ee728b)
Start importing Assets/Visuals/Materials/Space Backgrounds Materials using Guid(8720226bdabfa2c4ba1a98b8fe454141) Importer(815301076,1909f56bfc062723c751e8b465ee728b)  -> (artifact id: '622569960689cd912c5e0adb799df85b') in 0.095847 seconds
  Import took 0.100600 seconds .

========================================================================
Received Prepare
Registering precompiled user dll's ...
Registered in 0.001783 seconds.
Begin MonoManager ReloadAssembly
Native extension for LinuxStandalone target not found
Native extension for WindowsStandalone target not found
Native extension for OSXStandalone target not found
Native extension for WebGL target not found
Refreshing native plugins compatible for Editor in 0.63 ms, found 1 plugins.
Preloading 0 native plugins for Editor in 0.00 ms.
Mono: successfully reloaded assembly
- Completed reload, in  1.032 seconds
Platform modules already initialized, skipping
Shader 'Universal Render Pipeline/Particles/Lit': fallback shader 'Universal Render Pipeline/Particles/SimpleLit' not found
Refreshing native plugins compatible for Editor in 0.60 ms, found 1 plugins.
Preloading 0 native plugins for Editor in 0.00 ms.
Unloading 3164 Unused Serialized files (Serialized files now loaded: 0)
System memory in use before: 137.2 MB.
System memory in use after: 137.3 MB.

Unloading 13 unused Assets to reduce memory usage. Loaded Objects now: 3728.
Total: 2.633500 ms (FindLiveObjects: 0.276400 ms CreateObjectMapping: 0.083500 ms MarkObjects: 2.149200 ms  DeleteObjects: 0.123000 ms)

========================================================================
Received Import Request.
  Time since last request: 29.362945 seconds.
  path: Assets/Visuals/Sprites/Icons/Ammo Packs/Ammo Pack Large.png
  artifactKey: Guid(3f4c7b701fb65e5489b0a55398b03b3b) Importer(815301076,1909f56bfc062723c751e8b465ee728b)
Start importing Assets/Visuals/Sprites/Icons/Ammo Packs/Ammo Pack Large.png using Guid(3f4c7b701fb65e5489b0a55398b03b3b) Importer(815301076,1909f56bfc062723c751e8b465ee728b)  -> (artifact id: '18031b7b09127c39f80bf60443a7747f') in 0.313648 seconds
  Import took 0.318713 seconds .

========================================================================
Received Import Request.
  Time since last request: 0.000256 seconds.
  path: Assets/Visuals/Space Backgrounds/Background Level 8.bmp
  artifactKey: Guid(16fd355855bd92949ae0a581a437a24f) Importer(815301076,1909f56bfc062723c751e8b465ee728b)
Start importing Assets/Visuals/Space Backgrounds/Background Level 8.bmp using Guid(16fd355855bd92949ae0a581a437a24f) Importer(815301076,1909f56bfc062723c751e8b465ee728b)  -> (artifact id: 'c21a41221c0150b154fcf9b6d46565b2') in 0.178947 seconds
  Import took 0.183839 seconds .

========================================================================
Received Import Request.
  Time since last request: 0.000233 seconds.
  path: Assets/Visuals/Sprites/Icons/Ammo Packs/Ammo Pack Small.png
  artifactKey: Guid(35b012fd1038956448641085553cff6a) Importer(815301076,1909f56bfc062723c751e8b465ee728b)
Start importing Assets/Visuals/Sprites/Icons/Ammo Packs/Ammo Pack Small.png using Guid(35b012fd1038956448641085553cff6a) Importer(815301076,1909f56bfc062723c751e8b465ee728b)  -> (artifact id: '6e6353efb56f17b88546a21fa26c4b06') in 0.186017 seconds
  Import took 0.190958 seconds .

========================================================================
Received Import Request.
  Time since last request: 0.000196 seconds.
  path: Assets/Visuals/Space Backgrounds/Background Level 3.bmp
  artifactKey: Guid(29539d46c017502428af7421d79785d2) Importer(815301076,1909f56bfc062723c751e8b465ee728b)
Start importing Assets/Visuals/Space Backgrounds/Background Level 3.bmp using Guid(29539d46c017502428af7421d79785d2) Importer(815301076,1909f56bfc062723c751e8b465ee728b)  -> (artifact id: 'e0df1c028eaa797d57aea8f8a9ace0d3') in 0.221540 seconds
  Import took 0.226170 seconds .

========================================================================
Received Import Request.
  Time since last request: 0.000206 seconds.
  path: Assets/Visuals/Sprites/Parts/beam4.png
  artifactKey: Guid(064e9f88c9e8b5d45b2365784d1ab54b) Importer(815301076,1909f56bfc062723c751e8b465ee728b)
Start importing Assets/Visuals/Sprites/Parts/beam4.png using Guid(064e9f88c9e8b5d45b2365784d1ab54b) Importer(815301076,1909f56bfc062723c751e8b465ee728b)  -> (artifact id: '7ab9707933084875522ddc58f4c51f8a') in 0.219502 seconds
  Import took 0.224414 seconds .

========================================================================
Received Import Request.
  Time since last request: 0.000224 seconds.
  path: Assets/Visuals/Space Backgrounds/Background Level 5.bmp
  artifactKey: Guid(71f9e057112d4d542ae5804718d637e3) Importer(815301076,1909f56bfc062723c751e8b465ee728b)
Start importing Assets/Visuals/Space Backgrounds/Background Level 5.bmp using Guid(71f9e057112d4d542ae5804718d637e3) Importer(815301076,1909f56bfc062723c751e8b465ee728b)  -> (artifact id: 'ad3f902244a1f33b7d9ac6903ac40367') in 0.230406 seconds
  Import took 0.235299 seconds .

========================================================================
Received Import Request.
  Time since last request: 0.000240 seconds.
  path: Assets/Visuals/Space Backgrounds/Background Level 1.bmp
  artifactKey: Guid(a8b41e823f0f19e43b74d832f7968215) Importer(815301076,1909f56bfc062723c751e8b465ee728b)
Start importing Assets/Visuals/Space Backgrounds/Background Level 1.bmp using Guid(a8b41e823f0f19e43b74d832f7968215) Importer(815301076,1909f56bfc062723c751e8b465ee728b)  -> (artifact id: '11fe11e679453046205733cdb3936a4f') in 0.212654 seconds
  Import took 0.217682 seconds .

========================================================================
Received Import Request.
  Time since last request: 0.000235 seconds.
  path: Assets/Visuals/Space Backgrounds/Background Level 6.bmp
  artifactKey: Guid(fc4b5cefabe079944883d32e88f907a3) Importer(815301076,1909f56bfc062723c751e8b465ee728b)
Start importing Assets/Visuals/Space Backgrounds/Background Level 6.bmp using Guid(fc4b5cefabe079944883d32e88f907a3) Importer(815301076,1909f56bfc062723c751e8b465ee728b)  -> (artifact id: '6783b92cda1731a234e7eee907b4e907') in 0.219666 seconds
  Import took 0.224525 seconds .

========================================================================
Received Import Request.
  Time since last request: 0.000188 seconds.
  path: Assets/Visuals/Space Backgrounds/Background Level 4.bmp
  artifactKey: Guid(ddf443fda9269e647a6b446586f637ef) Importer(815301076,1909f56bfc062723c751e8b465ee728b)
Start importing Assets/Visuals/Space Backgrounds/Background Level 4.bmp using Guid(ddf443fda9269e647a6b446586f637ef) Importer(815301076,1909f56bfc062723c751e8b465ee728b)  -> (artifact id: 'b97a7d52376eafcfb012a03ac8bfff58') in 0.223976 seconds
  Import took 0.228777 seconds .

========================================================================
Received Import Request.
  Time since last request: 0.000221 seconds.
  path: Assets/Visuals/Space Backgrounds/Background Level 2.bmp
  artifactKey: Guid(d1324aeba215eee4e9648e26e31f955f) Importer(815301076,1909f56bfc062723c751e8b465ee728b)
Start importing Assets/Visuals/Space Backgrounds/Background Level 2.bmp using Guid(d1324aeba215eee4e9648e26e31f955f) Importer(815301076,1909f56bfc062723c751e8b465ee728b)  -> (artifact id: '6755d38cf626bc517ebbe99830653a27') in 0.073991 seconds
  Import took 0.078817 seconds .

========================================================================
Received Import Request.
  Time since last request: 0.000195 seconds.
  path: Assets/Visuals/Space Backgrounds/Background Level 7.bmp
  artifactKey: Guid(1c1e13e0a6ad40a409b384f9addb6a57) Importer(815301076,1909f56bfc062723c751e8b465ee728b)
Start importing Assets/Visuals/Space Backgrounds/Background Level 7.bmp using Guid(1c1e13e0a6ad40a409b384f9addb6a57) Importer(815301076,1909f56bfc062723c751e8b465ee728b)  -> (artifact id: '18478887b0ece2cda93bbe0b317541d0') in 0.018490 seconds
  Import took 0.023322 seconds .

========================================================================
Received Import Request.
  Time since last request: 0.000180 seconds.
  path: Assets/Visuals/Sprites/Parts/beam1.png
  artifactKey: Guid(db28752abc379074c80d2718571840d2) Importer(815301076,1909f56bfc062723c751e8b465ee728b)
Start importing Assets/Visuals/Sprites/Parts/beam1.png using Guid(db28752abc379074c80d2718571840d2) Importer(815301076,1909f56bfc062723c751e8b465ee728b)  -> (artifact id: '466e251ffd5e83cba31805865490de81') in 0.029145 seconds
  Import took 0.033541 seconds .

========================================================================
Received Import Request.
  Time since last request: 0.000207 seconds.
  path: Assets/Visuals/Space Backgrounds/Background Level 10.bmp
  artifactKey: Guid(5e8926d9dd09ed14f8f3b6abbe5cadf6) Importer(815301076,1909f56bfc062723c751e8b465ee728b)
Start importing Assets/Visuals/Space Backgrounds/Background Level 10.bmp using Guid(5e8926d9dd09ed14f8f3b6abbe5cadf6) Importer(815301076,1909f56bfc062723c751e8b465ee728b)  -> (artifact id: 'a163359c7a2244abaf405275984c2bd0') in 0.018247 seconds
  Import took 0.023437 seconds .

========================================================================
Received Import Request.
  Time since last request: 0.000211 seconds.
  path: Assets/Visuals/Sprites/Parts/beam0.png
  artifactKey: Guid(81d860d971c2e8f44806337f6f71a5b0) Importer(815301076,1909f56bfc062723c751e8b465ee728b)
Start importing Assets/Visuals/Sprites/Parts/beam0.png using Guid(81d860d971c2e8f44806337f6f71a5b0) Importer(815301076,1909f56bfc062723c751e8b465ee728b)  -> (artifact id: '852240d6f6ba498f2d4d143bb0d24030') in 0.018363 seconds
  Import took 0.023190 seconds .

========================================================================
Received Import Request.
  Time since last request: 0.000192 seconds.
  path: Assets/Visuals/Space Backgrounds/Background Level 9.bmp
  artifactKey: Guid(9c62b4cb190a46a4bb0a7a8406dba3bd) Importer(815301076,1909f56bfc062723c751e8b465ee728b)
Start importing Assets/Visuals/Space Backgrounds/Background Level 9.bmp using Guid(9c62b4cb190a46a4bb0a7a8406dba3bd) Importer(815301076,1909f56bfc062723c751e8b465ee728b)  -> (artifact id: 'b6a1e53096c69993a375303e5be068fd') in 0.027102 seconds
  Import took 0.031709 seconds .

========================================================================
Received Import Request.
  Time since last request: 0.000218 seconds.
  path: Assets/Visuals/Sprites/Parts/beam2.png
  artifactKey: Guid(a8b4e0d4e7fc9284896dbbae95bef198) Importer(815301076,1909f56bfc062723c751e8b465ee728b)
Start importing Assets/Visuals/Sprites/Parts/beam2.png using Guid(a8b4e0d4e7fc9284896dbbae95bef198) Importer(815301076,1909f56bfc062723c751e8b465ee728b)  -> (artifact id: '8b594543c82726a6e4bd3cad08594a76') in 0.025161 seconds
  Import took 0.030099 seconds .

========================================================================
Received Import Request.
  Time since last request: 0.000183 seconds.
  path: Assets/Visuals/Space Backgrounds/Background Infinity Mode.bmp
  artifactKey: Guid(4f0a685f37616944b8b2b4a424e63770) Importer(815301076,1909f56bfc062723c751e8b465ee728b)
Start importing Assets/Visuals/Space Backgrounds/Background Infinity Mode.bmp using Guid(4f0a685f37616944b8b2b4a424e63770) Importer(815301076,1909f56bfc062723c751e8b465ee728b)  -> (artifact id: '41b0b4481c79fbdb34a281ad1c4b2628') in 0.014939 seconds
  Import took 0.019589 seconds .

========================================================================
Received Import Request.
  Time since last request: 0.000211 seconds.
  path: Assets/Visuals/Sprites/Parts/beam3.png
  artifactKey: Guid(78d2bea9cb40d1f4d8af83b096eb2fcf) Importer(815301076,1909f56bfc062723c751e8b465ee728b)
Start importing Assets/Visuals/Sprites/Parts/beam3.png using Guid(78d2bea9cb40d1f4d8af83b096eb2fcf) Importer(815301076,1909f56bfc062723c751e8b465ee728b)  -> (artifact id: '88d7a0b3b89715f5140865244eaef26e') in 0.012169 seconds
  Import took 0.016611 seconds .

========================================================================
Received Import Request.
  Time since last request: 0.000223 seconds.
  path: Assets/Visuals/Sprites/Icons/Ammo Packs/Ammo Pack Ultra.png
  artifactKey: Guid(f32e1c0bb1cf99848904081031fadd19) Importer(815301076,1909f56bfc062723c751e8b465ee728b)
Start importing Assets/Visuals/Sprites/Icons/Ammo Packs/Ammo Pack Ultra.png using Guid(f32e1c0bb1cf99848904081031fadd19) Importer(815301076,1909f56bfc062723c751e8b465ee728b)  -> (artifact id: 'f72e2541e52bf188529189ce16f07327') in 0.014051 seconds
  Import took 0.018496 seconds .

========================================================================
Received Import Request.
  Time since last request: 0.000256 seconds.
  path: Assets/Visuals/Sprites/Icons/Ammo Packs/Ammo Pack Medium.png
  artifactKey: Guid(78fca9fc3290bd54288187a18075da1f) Importer(815301076,1909f56bfc062723c751e8b465ee728b)
Start importing Assets/Visuals/Sprites/Icons/Ammo Packs/Ammo Pack Medium.png using Guid(78fca9fc3290bd54288187a18075da1f) Importer(815301076,1909f56bfc062723c751e8b465ee728b)  -> (artifact id: 'ba7129470e3dfb0c323d108346c536b6') in 0.019622 seconds
  Import took 0.024432 seconds .

========================================================================
Received Import Request.
  Time since last request: 121.187574 seconds.
  path: Assets/Visuals/Sprites/Parts/beamLong1.png
  artifactKey: Guid(2cee9e75ca65a4b46b48594065556409) Importer(815301076,1909f56bfc062723c751e8b465ee728b)
Start importing Assets/Visuals/Sprites/Parts/beamLong1.png using Guid(2cee9e75ca65a4b46b48594065556409) Importer(815301076,1909f56bfc062723c751e8b465ee728b)  -> (artifact id: 'fba13344c33731fee64cc539d91ea5f4') in 0.044132 seconds
  Import took 0.049130 seconds .

========================================================================
Received Import Request.
  Time since last request: 0.000274 seconds.
  path: Assets/Visuals/Sprites/Effects/PNG/circle_01.png
  artifactKey: Guid(d723e122bc8ce234dafa586421d51db6) Importer(815301076,1909f56bfc062723c751e8b465ee728b)
Start importing Assets/Visuals/Sprites/Effects/PNG/circle_01.png using Guid(d723e122bc8ce234dafa586421d51db6) Importer(815301076,1909f56bfc062723c751e8b465ee728b)  -> (artifact id: 'b600d96e22b22ef236c95d1ceee29474') in 0.034711 seconds
  Import took 0.039552 seconds .

========================================================================
Received Import Request.
  Time since last request: 0.000262 seconds.
  path: Assets/Visuals/Sprites/Effects/PNG/circle_03.png
  artifactKey: Guid(a46c7069b2d333f44b5cf1478696e015) Importer(815301076,1909f56bfc062723c751e8b465ee728b)
Start importing Assets/Visuals/Sprites/Effects/PNG/circle_03.png using Guid(a46c7069b2d333f44b5cf1478696e015) Importer(815301076,1909f56bfc062723c751e8b465ee728b)  -> (artifact id: '8811ab2ab57112b9f02f0e618edc73bb') in 0.015150 seconds
  Import took 0.021063 seconds .

========================================================================
Received Import Request.
  Time since last request: 0.000208 seconds.
  path: Assets/Visuals/Sprites/Effects/PNG/circle_04.png
  artifactKey: Guid(f01f473668d4a4749bc06774b5e24107) Importer(815301076,1909f56bfc062723c751e8b465ee728b)
Start importing Assets/Visuals/Sprites/Effects/PNG/circle_04.png using Guid(f01f473668d4a4749bc06774b5e24107) Importer(815301076,1909f56bfc062723c751e8b465ee728b)  -> (artifact id: 'a952e66f5e019c1bf394ba3095e7a722') in 0.018591 seconds
  Import took 0.023503 seconds .

========================================================================
Received Import Request.
  Time since last request: 0.000186 seconds.
  path: Assets/Visuals/Sprites/Effects/PNG/circle_05.png
  artifactKey: Guid(39eb0eb88b0298c4991fd4a741bc6ef1) Importer(815301076,1909f56bfc062723c751e8b465ee728b)
Start importing Assets/Visuals/Sprites/Effects/PNG/circle_05.png using Guid(39eb0eb88b0298c4991fd4a741bc6ef1) Importer(815301076,1909f56bfc062723c751e8b465ee728b)  -> (artifact id: '0d461b2fb74404c3e70ad378923ee188') in 0.027240 seconds
  Import took 0.031823 seconds .

========================================================================
Received Import Request.
  Time since last request: 0.000181 seconds.
  path: Assets/Visuals/Sprites/Parts/beamLong2.png
  artifactKey: Guid(5f0912d8fe407fc4e84cc53d8a7471d8) Importer(815301076,1909f56bfc062723c751e8b465ee728b)
Start importing Assets/Visuals/Sprites/Parts/beamLong2.png using Guid(5f0912d8fe407fc4e84cc53d8a7471d8) Importer(815301076,1909f56bfc062723c751e8b465ee728b)  -> (artifact id: '62238cdcc91522284bf4fab104e0988f') in 0.014151 seconds
  Import took 0.018929 seconds .

========================================================================
Received Import Request.
  Time since last request: 0.000198 seconds.
  path: Assets/Visuals/Sprites/Effects/PNG/circle_02.png
  artifactKey: Guid(049b7af361211864197748a7f5961a52) Importer(815301076,1909f56bfc062723c751e8b465ee728b)
Start importing Assets/Visuals/Sprites/Effects/PNG/circle_02.png using Guid(049b7af361211864197748a7f5961a52) Importer(815301076,1909f56bfc062723c751e8b465ee728b)  -> (artifact id: 'a65cff8bac6d4f3945f4e4ca85e28ea3') in 0.013928 seconds
  Import took 0.018815 seconds .

========================================================================
Received Import Request.
  Time since last request: 77.644972 seconds.
  path: Assets/Visuals/Sprites/Parts/beam5.png
  artifactKey: Guid(68d289aafb57db04aa60d63aa83a9f9e) Importer(815301076,1909f56bfc062723c751e8b465ee728b)
Start importing Assets/Visuals/Sprites/Parts/beam5.png using Guid(68d289aafb57db04aa60d63aa83a9f9e) Importer(815301076,1909f56bfc062723c751e8b465ee728b)  -> (artifact id: '6146eb16e42976c5ca2d2a209edccb62') in 0.032228 seconds
  Import took 0.037138 seconds .

========================================================================
Received Import Request.
  Time since last request: 0.000189 seconds.
  path: Assets/Visuals/Sprites/Parts/beam6.png
  artifactKey: Guid(19f2b019b908d634dbc6bdf77eb3bac9) Importer(815301076,1909f56bfc062723c751e8b465ee728b)
Start importing Assets/Visuals/Sprites/Parts/beam6.png using Guid(19f2b019b908d634dbc6bdf77eb3bac9) Importer(815301076,1909f56bfc062723c751e8b465ee728b)  -> (artifact id: '637beefc71f47c75f9569c3025c501aa') in 0.028012 seconds
  Import took 0.032915 seconds .

========================================================================
Received Import Request.
  Time since last request: 0.000196 seconds.
  path: Assets/Visuals/Sprites/Icons/General/Chains.png
  artifactKey: Guid(7d4ded64a12573a449657afa29fc948c) Importer(815301076,1909f56bfc062723c751e8b465ee728b)
Start importing Assets/Visuals/Sprites/Icons/General/Chains.png using Guid(7d4ded64a12573a449657afa29fc948c) Importer(815301076,1909f56bfc062723c751e8b465ee728b)  -> (artifact id: '9aa7474de52b6b8b5426bc35dca917c0') in 0.024106 seconds
  Import took 0.028957 seconds .

========================================================================
Received Import Request.
  Time since last request: 0.000278 seconds.
  path: Assets/Visuals/Sprites/Parts/beam6.png
  artifactKey: Guid(19f2b019b908d634dbc6bdf77eb3bac9) Importer(815301076,1909f56bfc062723c751e8b465ee728b)
Start importing Assets/Visuals/Sprites/Parts/beam6.png using Guid(19f2b019b908d634dbc6bdf77eb3bac9) Importer(815301076,1909f56bfc062723c751e8b465ee728b)  -> (artifact id: '637beefc71f47c75f9569c3025c501aa') in 0.011913 seconds
  Import took 0.016948 seconds .

========================================================================
Received Import Request.
  Time since last request: 1.610431 seconds.
  path: Assets/Visuals/Sprites/Meteors/meteorBrown_tiny1.png
  artifactKey: Guid(1c2174647725449419b9a08f1540b778) Importer(815301076,1909f56bfc062723c751e8b465ee728b)
Start importing Assets/Visuals/Sprites/Meteors/meteorBrown_tiny1.png using Guid(1c2174647725449419b9a08f1540b778) Importer(815301076,1909f56bfc062723c751e8b465ee728b)  -> (artifact id: '82814f7e8904465d9305c53f0347dd79') in 0.012071 seconds
  Import took 0.016920 seconds .

========================================================================
Received Import Request.
  Time since last request: 0.000193 seconds.
  path: Assets/Visuals/Sprites/Effects/PNG/window_03.png
  artifactKey: Guid(74cf661aab3fcfb45aa949c5e4b699b5) Importer(815301076,1909f56bfc062723c751e8b465ee728b)
Start importing Assets/Visuals/Sprites/Effects/PNG/window_03.png using Guid(74cf661aab3fcfb45aa949c5e4b699b5) Importer(815301076,1909f56bfc062723c751e8b465ee728b)  -> (artifact id: '12ee3fcea3d97b113f90d95672700a18') in 0.013075 seconds
  Import took 0.017809 seconds .

========================================================================
Received Import Request.
  Time since last request: 0.000200 seconds.
  path: Assets/Visuals/Sprites/Parts/wingBlue_4.png
  artifactKey: Guid(b091865672a3c6748b80a30a93dca01c) Importer(815301076,1909f56bfc062723c751e8b465ee728b)
Start importing Assets/Visuals/Sprites/Parts/wingBlue_4.png using Guid(b091865672a3c6748b80a30a93dca01c) Importer(815301076,1909f56bfc062723c751e8b465ee728b)  -> (artifact id: 'd550c3600327754fbc4a434e3e7850fb') in 0.028199 seconds
  Import took 0.033180 seconds .

========================================================================
Received Import Request.
  Time since last request: 0.000213 seconds.
  path: Assets/Visuals/Sprites/Parts/wingBlue_6.png
  artifactKey: Guid(3e4892fc1a4ac914990776fdf9bc0cf4) Importer(815301076,1909f56bfc062723c751e8b465ee728b)
Start importing Assets/Visuals/Sprites/Parts/wingBlue_6.png using Guid(3e4892fc1a4ac914990776fdf9bc0cf4) Importer(815301076,1909f56bfc062723c751e8b465ee728b)  -> (artifact id: 'fade1985b4980645eea9b4382e6c59aa') in 0.019591 seconds
  Import took 0.024477 seconds .

========================================================================
Received Import Request.
  Time since last request: 0.000231 seconds.
  path: Assets/Visuals/Sprites/Meteors/meteorBrown_tiny2.png
  artifactKey: Guid(d168b8a0b9e006540b737ab1f69cc53c) Importer(815301076,1909f56bfc062723c751e8b465ee728b)
Start importing Assets/Visuals/Sprites/Meteors/meteorBrown_tiny2.png using Guid(d168b8a0b9e006540b737ab1f69cc53c) Importer(815301076,1909f56bfc062723c751e8b465ee728b)  -> (artifact id: '6674de73b17a2ff7b8c2c63a7824aed3') in 0.050477 seconds
  Import took 0.055101 seconds .

========================================================================
Received Import Request.
  Time since last request: 0.000178 seconds.
  path: Assets/Visuals/Sprites/Parts/wingGreen_3.png
  artifactKey: Guid(0e52f3b93a30d4840a447bc0db1b1be7) Importer(815301076,1909f56bfc062723c751e8b465ee728b)
Start importing Assets/Visuals/Sprites/Parts/wingGreen_3.png using Guid(0e52f3b93a30d4840a447bc0db1b1be7) Importer(815301076,1909f56bfc062723c751e8b465ee728b)  -> (artifact id: 'a0be5b862ed07dbbcd5fb27322544ed2') in 0.013794 seconds
  Import took 0.018328 seconds .

========================================================================
Received Import Request.
  Time since last request: 0.000220 seconds.
  path: Assets/Visuals/Sprites/Meteors/meteorGrey_tiny1.png
  artifactKey: Guid(fa6780433b4ba29478f0659cde2982b7) Importer(815301076,1909f56bfc062723c751e8b465ee728b)
Start importing Assets/Visuals/Sprites/Meteors/meteorGrey_tiny1.png using Guid(fa6780433b4ba29478f0659cde2982b7) Importer(815301076,1909f56bfc062723c751e8b465ee728b)  -> (artifact id: '7c189d2d9e1ec5fb43be2856a930e806') in 0.034731 seconds
  Import took 0.039630 seconds .

========================================================================
Received Import Request.
  Time since last request: 0.000197 seconds.
  path: Assets/Visuals/Sprites/Effects/PNG/window_02.png
  artifactKey: Guid(b7b1dbc396796b240ad2267357c0313a) Importer(815301076,1909f56bfc062723c751e8b465ee728b)
Start importing Assets/Visuals/Sprites/Effects/PNG/window_02.png using Guid(b7b1dbc396796b240ad2267357c0313a) Importer(815301076,1909f56bfc062723c751e8b465ee728b)  -> (artifact id: 'b5a133138fc1960f48f563e21d2a269d') in 0.028740 seconds
  Import took 0.058538 seconds .

========================================================================
Received Import Request.
  Time since last request: 0.000256 seconds.
  path: Assets/Visuals/Sprites/Parts/wingBlue_0.png
  artifactKey: Guid(c479dc67e56b8b34a83f876fd6dfcaea) Importer(815301076,1909f56bfc062723c751e8b465ee728b)
Start importing Assets/Visuals/Sprites/Parts/wingBlue_0.png using Guid(c479dc67e56b8b34a83f876fd6dfcaea) Importer(815301076,1909f56bfc062723c751e8b465ee728b)  -> (artifact id: 'c6069803d4307c0ae9a99d4d99cf7eb4') in 0.014016 seconds
  Import took 0.019133 seconds .

========================================================================
Received Import Request.
  Time since last request: 0.000239 seconds.
  path: Assets/Visuals/Sprites/Meteors/meteorGrey_tiny2.png
  artifactKey: Guid(c7ee07d7db0a81a47a6ea43ff8679a1b) Importer(815301076,1909f56bfc062723c751e8b465ee728b)
Start importing Assets/Visuals/Sprites/Meteors/meteorGrey_tiny2.png using Guid(c7ee07d7db0a81a47a6ea43ff8679a1b) Importer(815301076,1909f56bfc062723c751e8b465ee728b)  -> (artifact id: '376d36f125dc0eadd1c9780d6d7b2f49') in 0.039798 seconds
  Import took 0.044592 seconds .

========================================================================
Received Import Request.
  Time since last request: 0.000190 seconds.
  path: Assets/Visuals/Sprites/Effects/PNG/window_01.png
  artifactKey: Guid(e6a7e79169ffc614ebdf2ed9823b2774) Importer(815301076,1909f56bfc062723c751e8b465ee728b)
Start importing Assets/Visuals/Sprites/Effects/PNG/window_01.png using Guid(e6a7e79169ffc614ebdf2ed9823b2774) Importer(815301076,1909f56bfc062723c751e8b465ee728b)  -> (artifact id: 'a41fbb3a4f67db9c57baf821a5d3cdd7') in 0.014956 seconds
  Import took 0.019705 seconds .

========================================================================
Received Import Request.
  Time since last request: 0.000206 seconds.
  path: Assets/Visuals/Sprites/Meteors/meteorGrey_tiny2.png
  artifactKey: Guid(c7ee07d7db0a81a47a6ea43ff8679a1b) Importer(815301076,1909f56bfc062723c751e8b465ee728b)
Start importing Assets/Visuals/Sprites/Meteors/meteorGrey_tiny2.png using Guid(c7ee07d7db0a81a47a6ea43ff8679a1b) Importer(815301076,1909f56bfc062723c751e8b465ee728b)  -> (artifact id: '376d36f125dc0eadd1c9780d6d7b2f49') in 0.007743 seconds
  Import took 0.012341 seconds .

========================================================================
Received Import Request.
  Time since last request: 0.000198 seconds.
  path: Assets/Visuals/Sprites/Parts/wingBlue_2.png
  artifactKey: Guid(50f17275e2a961943b4c1fc1c286eb9b) Importer(815301076,1909f56bfc062723c751e8b465ee728b)
Start importing Assets/Visuals/Sprites/Parts/wingBlue_2.png using Guid(50f17275e2a961943b4c1fc1c286eb9b) Importer(815301076,1909f56bfc062723c751e8b465ee728b)  -> (artifact id: '761f3148fd40f5af78470084ad52da85') in 0.057991 seconds
  Import took 0.062364 seconds .

========================================================================
Received Import Request.
  Time since last request: 0.000182 seconds.
  path: Assets/Visuals/Sprites/Parts/wingBlue_7.png
  artifactKey: Guid(41e649bf32d51ce41960442c94dc37d5) Importer(815301076,1909f56bfc062723c751e8b465ee728b)
Start importing Assets/Visuals/Sprites/Parts/wingBlue_7.png using Guid(41e649bf32d51ce41960442c94dc37d5) Importer(815301076,1909f56bfc062723c751e8b465ee728b)  -> (artifact id: 'd7402783b9547e92769572db538a1556') in 0.022549 seconds
  Import took 0.027402 seconds .

========================================================================
Received Import Request.
  Time since last request: 0.000243 seconds.
  path: Assets/Visuals/Sprites/Parts/wingBlue_5.png
  artifactKey: Guid(3d3072a89ee42bf45b854292786f09d8) Importer(815301076,1909f56bfc062723c751e8b465ee728b)
Start importing Assets/Visuals/Sprites/Parts/wingBlue_5.png using Guid(3d3072a89ee42bf45b854292786f09d8) Importer(815301076,1909f56bfc062723c751e8b465ee728b)  -> (artifact id: 'a9afe1b39ee7842d000433efd2f4a933') in 0.012817 seconds
  Import took 0.017607 seconds .

========================================================================
Received Import Request.
  Time since last request: 0.000204 seconds.
  path: Assets/Visuals/Sprites/Parts/wingBlue_1.png
  artifactKey: Guid(714847f78a6264d41a7344ab8dc657f6) Importer(815301076,1909f56bfc062723c751e8b465ee728b)
Start importing Assets/Visuals/Sprites/Parts/wingBlue_1.png using Guid(714847f78a6264d41a7344ab8dc657f6) Importer(815301076,1909f56bfc062723c751e8b465ee728b)  -> (artifact id: '91d22142d1d31be9136e7e179ccf162e') in 0.013841 seconds
  Import took 0.018271 seconds .

========================================================================
Received Import Request.
  Time since last request: 0.000201 seconds.
  path: Assets/Visuals/Sprites/Effects/PNG/window_04.png
  artifactKey: Guid(c31b236200844694daf0e8b0582fc99f) Importer(815301076,1909f56bfc062723c751e8b465ee728b)
Start importing Assets/Visuals/Sprites/Effects/PNG/window_04.png using Guid(c31b236200844694daf0e8b0582fc99f) Importer(815301076,1909f56bfc062723c751e8b465ee728b)  -> (artifact id: '2ebc6102cd57e19b4ec62e91d0491e28') in 0.013190 seconds
  Import took 0.017942 seconds .

========================================================================
Received Import Request.
  Time since last request: 0.000250 seconds.
  path: Assets/Visuals/Sprites/Parts/wingGreen_1.png
  artifactKey: Guid(80c0aec1f7c0eb94291d166e156936d5) Importer(815301076,1909f56bfc062723c751e8b465ee728b)
Start importing Assets/Visuals/Sprites/Parts/wingGreen_1.png using Guid(80c0aec1f7c0eb94291d166e156936d5) Importer(815301076,1909f56bfc062723c751e8b465ee728b)  -> (artifact id: '16010ef4f246dccd583e2bbd593a6161') in 0.015454 seconds
  Import took 0.044968 seconds .

========================================================================
Received Import Request.
  Time since last request: 0.000207 seconds.
  path: Assets/Visuals/Sprites/Parts/wingGreen_2.png
  artifactKey: Guid(3f13a130b62f37f4db59f39bdcfc7f57) Importer(815301076,1909f56bfc062723c751e8b465ee728b)
Start importing Assets/Visuals/Sprites/Parts/wingGreen_2.png using Guid(3f13a130b62f37f4db59f39bdcfc7f57) Importer(815301076,1909f56bfc062723c751e8b465ee728b)  -> (artifact id: '1a75b1e15a28922de6472fe186233a9a') in 0.011582 seconds
  Import took 0.016091 seconds .

========================================================================
Received Import Request.
  Time since last request: 0.000189 seconds.
  path: Assets/Visuals/Sprites/Parts/wingBlue_3.png
  artifactKey: Guid(6e251c9dd275dbd438330edd1d2ecd5f) Importer(815301076,1909f56bfc062723c751e8b465ee728b)
Start importing Assets/Visuals/Sprites/Parts/wingBlue_3.png using Guid(6e251c9dd275dbd438330edd1d2ecd5f) Importer(815301076,1909f56bfc062723c751e8b465ee728b)  -> (artifact id: 'cd1049f3725ea48835e9eefb7b9a5b54') in 0.012694 seconds
  Import took 0.017401 seconds .

========================================================================
Received Import Request.
  Time since last request: 0.000237 seconds.
  path: Assets/Visuals/Sprites/Parts/wingGreen_4.png
  artifactKey: Guid(3658711120895ff42b8020f08fca903b) Importer(815301076,1909f56bfc062723c751e8b465ee728b)
Start importing Assets/Visuals/Sprites/Parts/wingGreen_4.png using Guid(3658711120895ff42b8020f08fca903b) Importer(815301076,1909f56bfc062723c751e8b465ee728b)  -> (artifact id: 'd2d10a0d7e13b1807d066496a0378f17') in 0.012545 seconds
  Import took 0.017303 seconds .

========================================================================
Received Import Request.
  Time since last request: 0.000205 seconds.
  path: Assets/Visuals/Sprites/Parts/wingGreen_0.png
  artifactKey: Guid(d2fdc5872c3861447b1ac5e4d8c70d8b) Importer(815301076,1909f56bfc062723c751e8b465ee728b)
Start importing Assets/Visuals/Sprites/Parts/wingGreen_0.png using Guid(d2fdc5872c3861447b1ac5e4d8c70d8b) Importer(815301076,1909f56bfc062723c751e8b465ee728b)  -> (artifact id: '7a96ce19b8beae1530d266f2149a7336') in 0.020077 seconds
  Import took 0.025295 seconds .

========================================================================
Received Prepare
Registering precompiled user dll's ...
Registered in 0.001845 seconds.
Begin MonoManager ReloadAssembly
Native extension for LinuxStandalone target not found
Native extension for WindowsStandalone target not found
Native extension for OSXStandalone target not found
Native extension for WebGL target not found
Refreshing native plugins compatible for Editor in 0.62 ms, found 1 plugins.
Preloading 0 native plugins for Editor in 0.00 ms.
Mono: successfully reloaded assembly
- Completed reload, in  1.055 seconds
Platform modules already initialized, skipping
Shader 'Universal Render Pipeline/Particles/Lit': fallback shader 'Universal Render Pipeline/Particles/SimpleLit' not found
Refreshing native plugins compatible for Editor in 0.67 ms, found 1 plugins.
Preloading 0 native plugins for Editor in 0.00 ms.
Unloading 3164 Unused Serialized files (Serialized files now loaded: 0)
System memory in use before: 140.3 MB.
System memory in use after: 140.3 MB.

Unloading 13 unused Assets to reduce memory usage. Loaded Objects now: 3776.
Total: 2.815900 ms (FindLiveObjects: 0.310900 ms CreateObjectMapping: 0.084300 ms MarkObjects: 2.297800 ms  DeleteObjects: 0.121700 ms)

========================================================================
Received Prepare
Registering precompiled user dll's ...
Registered in 0.001781 seconds.
Begin MonoManager ReloadAssembly
Native extension for LinuxStandalone target not found
Native extension for WindowsStandalone target not found
Native extension for OSXStandalone target not found
Native extension for WebGL target not found
Refreshing native plugins compatible for Editor in 0.61 ms, found 1 plugins.
Preloading 0 native plugins for Editor in 0.00 ms.
Mono: successfully reloaded assembly
- Completed reload, in  1.051 seconds
Platform modules already initialized, skipping
Shader 'Universal Render Pipeline/Particles/Lit': fallback shader 'Universal Render Pipeline/Particles/SimpleLit' not found
Refreshing native plugins compatible for Editor in 0.62 ms, found 1 plugins.
Preloading 0 native plugins for Editor in 0.00 ms.
Unloading 3164 Unused Serialized files (Serialized files now loaded: 0)
System memory in use before: 140.3 MB.
System memory in use after: 140.4 MB.

Unloading 13 unused Assets to reduce memory usage. Loaded Objects now: 3780.
Total: 2.768800 ms (FindLiveObjects: 0.310400 ms CreateObjectMapping: 0.083600 ms MarkObjects: 2.247200 ms  DeleteObjects: 0.126200 ms)

========================================================================
Received Prepare
Registering precompiled user dll's ...
Registered in 0.001899 seconds.
Begin MonoManager ReloadAssembly
Native extension for LinuxStandalone target not found
Native extension for WindowsStandalone target not found
Native extension for OSXStandalone target not found
Native extension for WebGL target not found
Refreshing native plugins compatible for Editor in 0.61 ms, found 1 plugins.
Preloading 0 native plugins for Editor in 0.00 ms.
Mono: successfully reloaded assembly
- Completed reload, in  1.051 seconds
Platform modules already initialized, skipping
Shader 'Universal Render Pipeline/Particles/Lit': fallback shader 'Universal Render Pipeline/Particles/SimpleLit' not found
Refreshing native plugins compatible for Editor in 0.60 ms, found 1 plugins.
Preloading 0 native plugins for Editor in 0.00 ms.
Unloading 3164 Unused Serialized files (Serialized files now loaded: 0)
System memory in use before: 140.3 MB.
System memory in use after: 140.4 MB.

Unloading 13 unused Assets to reduce memory usage. Loaded Objects now: 3784.
Total: 2.672500 ms (FindLiveObjects: 0.289700 ms CreateObjectMapping: 0.085300 ms MarkObjects: 2.173100 ms  DeleteObjects: 0.123300 ms)

========================================================================
Received Prepare
Registering precompiled user dll's ...
Registered in 0.002062 seconds.
Begin MonoManager ReloadAssembly
Native extension for LinuxStandalone target not found
Native extension for WindowsStandalone target not found
Native extension for OSXStandalone target not found
Native extension for WebGL target not found
Refreshing native plugins compatible for Editor in 0.62 ms, found 1 plugins.
Preloading 0 native plugins for Editor in 0.00 ms.
Mono: successfully reloaded assembly
- Completed reload, in  1.049 seconds
Platform modules already initialized, skipping
Shader 'Universal Render Pipeline/Particles/Lit': fallback shader 'Universal Render Pipeline/Particles/SimpleLit' not found
Refreshing native plugins compatible for Editor in 0.61 ms, found 1 plugins.
Preloading 0 native plugins for Editor in 0.00 ms.
Unloading 3164 Unused Serialized files (Serialized files now loaded: 0)
System memory in use before: 140.3 MB.
System memory in use after: 140.4 MB.

Unloading 13 unused Assets to reduce memory usage. Loaded Objects now: 3788.
Total: 2.797800 ms (FindLiveObjects: 0.297700 ms CreateObjectMapping: 0.085100 ms MarkObjects: 2.288500 ms  DeleteObjects: 0.125400 ms)

========================================================================
Received Prepare
Registering precompiled user dll's ...
Registered in 0.001839 seconds.
Begin MonoManager ReloadAssembly
Native extension for LinuxStandalone target not found
Native extension for WindowsStandalone target not found
Native extension for OSXStandalone target not found
Native extension for WebGL target not found
Refreshing native plugins compatible for Editor in 0.61 ms, found 1 plugins.
Preloading 0 native plugins for Editor in 0.00 ms.
Mono: successfully reloaded assembly
- Completed reload, in  1.050 seconds
Platform modules already initialized, skipping
Shader 'Universal Render Pipeline/Particles/Lit': fallback shader 'Universal Render Pipeline/Particles/SimpleLit' not found
Refreshing native plugins compatible for Editor in 0.69 ms, found 1 plugins.
Preloading 0 native plugins for Editor in 0.00 ms.
Unloading 3164 Unused Serialized files (Serialized files now loaded: 0)
System memory in use before: 140.3 MB.
System memory in use after: 140.4 MB.

Unloading 13 unused Assets to reduce memory usage. Loaded Objects now: 3792.
Total: 2.707300 ms (FindLiveObjects: 0.319100 ms CreateObjectMapping: 0.083900 ms MarkObjects: 2.173500 ms  DeleteObjects: 0.129400 ms)

========================================================================
Received Import Request.
  Time since last request: 566.270005 seconds.
  path: Assets/Visuals/Materials/Space Backgrounds Materials/Background Infinity Level Material.mat
  artifactKey: Guid(edff0a04970d1584ca946dce33561b41) Importer(815301076,1909f56bfc062723c751e8b465ee728b)
Start importing Assets/Visuals/Materials/Space Backgrounds Materials/Background Infinity Level Material.mat using Guid(edff0a04970d1584ca946dce33561b41) Importer(815301076,1909f56bfc062723c751e8b465ee728b)  -> (artifact id: 'fdef7da0139a2265dc59a8c6dbd9c66e') in 0.264392 seconds
  Import took 0.270978 seconds .

========================================================================
Received Import Request.
  Time since last request: 0.000284 seconds.
  path: Assets/Visuals/Materials/Space Backgrounds Materials/Background Level 4 Material.mat
  artifactKey: Guid(d608ffb7396d8f14d964aa274f0d2b98) Importer(815301076,1909f56bfc062723c751e8b465ee728b)
Start importing Assets/Visuals/Materials/Space Backgrounds Materials/Background Level 4 Material.mat using Guid(d608ffb7396d8f14d964aa274f0d2b98) Importer(815301076,1909f56bfc062723c751e8b465ee728b)  -> (artifact id: 'e4784e143fa2ecaddbcd061d8f64afbd') in 0.019322 seconds
  Import took 0.025663 seconds .

========================================================================
Received Import Request.
  Time since last request: 0.000348 seconds.
  path: Assets/Visuals/Materials/Space Backgrounds Materials/Background Level 7 Material.mat
  artifactKey: Guid(d6eb2ca3bd76eb74cba112928b7b0c03) Importer(815301076,1909f56bfc062723c751e8b465ee728b)
Start importing Assets/Visuals/Materials/Space Backgrounds Materials/Background Level 7 Material.mat using Guid(d6eb2ca3bd76eb74cba112928b7b0c03) Importer(815301076,1909f56bfc062723c751e8b465ee728b)  -> (artifact id: '71026b716c15dd61ae8a464501927282') in 0.021934 seconds
  Import took 0.028854 seconds .

========================================================================
Received Import Request.
  Time since last request: 0.000218 seconds.
  path: Assets/Visuals/Materials/Space Backgrounds Materials/Background Level 8 Material.mat
  artifactKey: Guid(e22498e91ec5cee4381ee4358d34b528) Importer(815301076,1909f56bfc062723c751e8b465ee728b)
Start importing Assets/Visuals/Materials/Space Backgrounds Materials/Background Level 8 Material.mat using Guid(e22498e91ec5cee4381ee4358d34b528) Importer(815301076,1909f56bfc062723c751e8b465ee728b)  -> (artifact id: '77824aa3a656a5f6c71351e0af446e5e') in 0.048642 seconds
  Import took 0.054038 seconds .

========================================================================
Received Import Request.
  Time since last request: 0.000228 seconds.
  path: Assets/Visuals/Materials/Space Backgrounds Materials/Background Level 5 Material.mat
  artifactKey: Guid(0d9c22e8975eb4648af2197ffd36f1da) Importer(815301076,1909f56bfc062723c751e8b465ee728b)
Start importing Assets/Visuals/Materials/Space Backgrounds Materials/Background Level 5 Material.mat using Guid(0d9c22e8975eb4648af2197ffd36f1da) Importer(815301076,1909f56bfc062723c751e8b465ee728b)  -> (artifact id: '91bbb432634552cf4e39a146300ae269') in 0.013957 seconds
  Import took 0.018972 seconds .

========================================================================
Received Import Request.
  Time since last request: 0.000185 seconds.
  path: Assets/Visuals/Materials/Space Backgrounds Materials/Background Level 10 Material.mat
  artifactKey: Guid(c37dbee70aeb19144ac6a77dd06958be) Importer(815301076,1909f56bfc062723c751e8b465ee728b)
Start importing Assets/Visuals/Materials/Space Backgrounds Materials/Background Level 10 Material.mat using Guid(c37dbee70aeb19144ac6a77dd06958be) Importer(815301076,1909f56bfc062723c751e8b465ee728b)  -> (artifact id: '3d5291b6e704f522431a2ec6819241c1') in 0.016429 seconds
  Import took 0.021274 seconds .

========================================================================
Received Import Request.
  Time since last request: 0.000204 seconds.
  path: Assets/Visuals/Materials/Space Backgrounds Materials/Background Level 5 Material.mat
  artifactKey: Guid(0d9c22e8975eb4648af2197ffd36f1da) Importer(815301076,1909f56bfc062723c751e8b465ee728b)
Start importing Assets/Visuals/Materials/Space Backgrounds Materials/Background Level 5 Material.mat using Guid(0d9c22e8975eb4648af2197ffd36f1da) Importer(815301076,1909f56bfc062723c751e8b465ee728b)  -> (artifact id: '91bbb432634552cf4e39a146300ae269') in 0.014407 seconds
  Import took 0.019259 seconds .

========================================================================
Received Import Request.
  Time since last request: 0.000243 seconds.
  path: Assets/Visuals/Materials/Space Backgrounds Materials/Background Level 2 Material.mat
  artifactKey: Guid(6ebdbfa65eff53647bfc3ffe1ed4de3c) Importer(815301076,1909f56bfc062723c751e8b465ee728b)
Start importing Assets/Visuals/Materials/Space Backgrounds Materials/Background Level 2 Material.mat using Guid(6ebdbfa65eff53647bfc3ffe1ed4de3c) Importer(815301076,1909f56bfc062723c751e8b465ee728b)  -> (artifact id: '915cb9d7f143ff844a64311503522bda') in 0.022355 seconds
  Import took 0.027298 seconds .

========================================================================
Received Import Request.
  Time since last request: 0.000193 seconds.
  path: Assets/Visuals/Materials/Space Backgrounds Materials/Background Level 3 Material.mat
  artifactKey: Guid(dba7f72dfc580ba4f838067e60d5bbbe) Importer(815301076,1909f56bfc062723c751e8b465ee728b)
Start importing Assets/Visuals/Materials/Space Backgrounds Materials/Background Level 3 Material.mat using Guid(dba7f72dfc580ba4f838067e60d5bbbe) Importer(815301076,1909f56bfc062723c751e8b465ee728b)  -> (artifact id: '153d3ab56142464b48b4bb1cf0129475') in 0.017605 seconds
  Import took 0.022507 seconds .

========================================================================
Received Import Request.
  Time since last request: 0.000221 seconds.
  path: Assets/Visuals/Materials/Space Backgrounds Materials/Background Level 6 Material.mat
  artifactKey: Guid(b9dbeb8bc11bad4439e57a149daf3b1b) Importer(815301076,1909f56bfc062723c751e8b465ee728b)
Start importing Assets/Visuals/Materials/Space Backgrounds Materials/Background Level 6 Material.mat using Guid(b9dbeb8bc11bad4439e57a149daf3b1b) Importer(815301076,1909f56bfc062723c751e8b465ee728b)  -> (artifact id: '811888729bcaa4a78512132ae98e677c') in 0.017538 seconds
  Import took 0.022616 seconds .

========================================================================
Received Import Request.
  Time since last request: 0.000235 seconds.
  path: Assets/Visuals/Materials/Space Backgrounds Materials/Background Level 9 Material.mat
  artifactKey: Guid(e8a0ec4db9a9283449388963c0690fa0) Importer(815301076,1909f56bfc062723c751e8b465ee728b)
Start importing Assets/Visuals/Materials/Space Backgrounds Materials/Background Level 9 Material.mat using Guid(e8a0ec4db9a9283449388963c0690fa0) Importer(815301076,1909f56bfc062723c751e8b465ee728b)  -> (artifact id: '9e6e4ffae0bef3b2a6f256419eb6d61a') in 0.014153 seconds
  Import took 0.019136 seconds .

========================================================================
Received Prepare
Registering precompiled user dll's ...
Registered in 0.001847 seconds.
Begin MonoManager ReloadAssembly
Native extension for LinuxStandalone target not found
Native extension for WindowsStandalone target not found
Native extension for OSXStandalone target not found
Native extension for WebGL target not found
Refreshing native plugins compatible for Editor in 0.64 ms, found 1 plugins.
Preloading 0 native plugins for Editor in 0.00 ms.
Mono: successfully reloaded assembly
- Completed reload, in  1.098 seconds
Platform modules already initialized, skipping
Shader 'Universal Render Pipeline/Particles/Lit': fallback shader 'Universal Render Pipeline/Particles/SimpleLit' not found
Refreshing native plugins compatible for Editor in 0.61 ms, found 1 plugins.
Preloading 0 native plugins for Editor in 0.00 ms.
Unloading 3164 Unused Serialized files (Serialized files now loaded: 0)
System memory in use before: 142.9 MB.
System memory in use after: 143.0 MB.

Unloading 13 unused Assets to reduce memory usage. Loaded Objects now: 3871.
Total: 2.807200 ms (FindLiveObjects: 0.326200 ms CreateObjectMapping: 0.086100 ms MarkObjects: 2.275000 ms  DeleteObjects: 0.118900 ms)

========================================================================
Received Prepare
Registering precompiled user dll's ...
Registered in 0.001785 seconds.
Begin MonoManager ReloadAssembly
Native extension for LinuxStandalone target not found
Native extension for WindowsStandalone target not found
Native extension for OSXStandalone target not found
Native extension for WebGL target not found
Refreshing native plugins compatible for Editor in 0.75 ms, found 1 plugins.
Preloading 0 native plugins for Editor in 0.00 ms.
Mono: successfully reloaded assembly
- Completed reload, in  1.083 seconds
Platform modules already initialized, skipping
Shader 'Universal Render Pipeline/Particles/Lit': fallback shader 'Universal Render Pipeline/Particles/SimpleLit' not found
Refreshing native plugins compatible for Editor in 0.60 ms, found 1 plugins.
Preloading 0 native plugins for Editor in 0.00 ms.
Unloading 3164 Unused Serialized files (Serialized files now loaded: 0)
System memory in use before: 142.9 MB.
System memory in use after: 143.0 MB.

Unloading 13 unused Assets to reduce memory usage. Loaded Objects now: 3875.
Total: 2.777000 ms (FindLiveObjects: 0.309900 ms CreateObjectMapping: 0.085500 ms MarkObjects: 2.254100 ms  DeleteObjects: 0.126300 ms)

========================================================================
Received Prepare
Registering precompiled user dll's ...
Registered in 0.001812 seconds.
Begin MonoManager ReloadAssembly
Native extension for LinuxStandalone target not found
Native extension for WindowsStandalone target not found
Native extension for OSXStandalone target not found
Native extension for WebGL target not found
Refreshing native plugins compatible for Editor in 0.61 ms, found 1 plugins.
Preloading 0 native plugins for Editor in 0.00 ms.
Mono: successfully reloaded assembly
- Completed reload, in  1.075 seconds
Platform modules already initialized, skipping
Shader 'Universal Render Pipeline/Particles/Lit': fallback shader 'Universal Render Pipeline/Particles/SimpleLit' not found
Refreshing native plugins compatible for Editor in 0.62 ms, found 1 plugins.
Preloading 0 native plugins for Editor in 0.00 ms.
Unloading 3164 Unused Serialized files (Serialized files now loaded: 0)
System memory in use before: 142.9 MB.
System memory in use after: 143.0 MB.

Unloading 13 unused Assets to reduce memory usage. Loaded Objects now: 3879.
Total: 2.820000 ms (FindLiveObjects: 0.308700 ms CreateObjectMapping: 0.108700 ms MarkObjects: 2.269000 ms  DeleteObjects: 0.132500 ms)

========================================================================
Received Prepare
Registering precompiled user dll's ...
Registered in 0.001880 seconds.
Begin MonoManager ReloadAssembly
Native extension for LinuxStandalone target not found
Native extension for WindowsStandalone target not found
Native extension for OSXStandalone target not found
Native extension for WebGL target not found
Refreshing native plugins compatible for Editor in 0.69 ms, found 1 plugins.
Preloading 0 native plugins for Editor in 0.00 ms.
Mono: successfully reloaded assembly
- Completed reload, in  1.060 seconds
Platform modules already initialized, skipping
Shader 'Universal Render Pipeline/Particles/Lit': fallback shader 'Universal Render Pipeline/Particles/SimpleLit' not found
Refreshing native plugins compatible for Editor in 0.61 ms, found 1 plugins.
Preloading 0 native plugins for Editor in 0.00 ms.
Unloading 3164 Unused Serialized files (Serialized files now loaded: 0)
System memory in use before: 142.9 MB.
System memory in use after: 143.0 MB.

Unloading 13 unused Assets to reduce memory usage. Loaded Objects now: 3883.
Total: 2.826500 ms (FindLiveObjects: 0.330400 ms CreateObjectMapping: 0.087800 ms MarkObjects: 2.279500 ms  DeleteObjects: 0.127300 ms)

========================================================================
Received Prepare
Registering precompiled user dll's ...
Registered in 0.001977 seconds.
Begin MonoManager ReloadAssembly
Native extension for LinuxStandalone target not found
Native extension for WindowsStandalone target not found
Native extension for OSXStandalone target not found
Native extension for WebGL target not found
Refreshing native plugins compatible for Editor in 0.62 ms, found 1 plugins.
Preloading 0 native plugins for Editor in 0.00 ms.
Mono: successfully reloaded assembly
- Completed reload, in  1.087 seconds
Platform modules already initialized, skipping
Shader 'Universal Render Pipeline/Particles/Lit': fallback shader 'Universal Render Pipeline/Particles/SimpleLit' not found
Refreshing native plugins compatible for Editor in 0.63 ms, found 1 plugins.
Preloading 0 native plugins for Editor in 0.00 ms.
Unloading 3164 Unused Serialized files (Serialized files now loaded: 0)
System memory in use before: 142.9 MB.
System memory in use after: 143.0 MB.

Unloading 13 unused Assets to reduce memory usage. Loaded Objects now: 3887.
Total: 2.961600 ms (FindLiveObjects: 0.339600 ms CreateObjectMapping: 0.085300 ms MarkObjects: 2.402500 ms  DeleteObjects: 0.132700 ms)

========================================================================
Received Prepare
Registering precompiled user dll's ...
Registered in 0.001770 seconds.
Begin MonoManager ReloadAssembly
Native extension for LinuxStandalone target not found
Native extension for WindowsStandalone target not found
Native extension for OSXStandalone target not found
Native extension for WebGL target not found
Refreshing native plugins compatible for Editor in 0.64 ms, found 1 plugins.
Preloading 0 native plugins for Editor in 0.00 ms.
Mono: successfully reloaded assembly
- Completed reload, in  1.074 seconds
Platform modules already initialized, skipping
Shader 'Universal Render Pipeline/Particles/Lit': fallback shader 'Universal Render Pipeline/Particles/SimpleLit' not found
Refreshing native plugins compatible for Editor in 0.61 ms, found 1 plugins.
Preloading 0 native plugins for Editor in 0.00 ms.
Unloading 3164 Unused Serialized files (Serialized files now loaded: 0)
System memory in use before: 142.9 MB.
System memory in use after: 143.0 MB.

Unloading 13 unused Assets to reduce memory usage. Loaded Objects now: 3891.
Total: 2.949300 ms (FindLiveObjects: 0.334000 ms CreateObjectMapping: 0.085500 ms MarkObjects: 2.395800 ms  DeleteObjects: 0.132700 ms)

========================================================================
Received Prepare
Registering precompiled user dll's ...
Registered in 0.001839 seconds.
Begin MonoManager ReloadAssembly
Native extension for LinuxStandalone target not found
Native extension for WindowsStandalone target not found
Native extension for OSXStandalone target not found
Native extension for WebGL target not found
Refreshing native plugins compatible for Editor in 0.61 ms, found 1 plugins.
Preloading 0 native plugins for Editor in 0.00 ms.
Mono: successfully reloaded assembly
- Completed reload, in  1.084 seconds
Platform modules already initialized, skipping
Shader 'Universal Render Pipeline/Particles/Lit': fallback shader 'Universal Render Pipeline/Particles/SimpleLit' not found
Refreshing native plugins compatible for Editor in 0.62 ms, found 1 plugins.
Preloading 0 native plugins for Editor in 0.00 ms.
Unloading 3164 Unused Serialized files (Serialized files now loaded: 0)
System memory in use before: 142.9 MB.
System memory in use after: 143.0 MB.

Unloading 13 unused Assets to reduce memory usage. Loaded Objects now: 3895.
Total: 2.801200 ms (FindLiveObjects: 0.311500 ms CreateObjectMapping: 0.086600 ms MarkObjects: 2.276400 ms  DeleteObjects: 0.125400 ms)

========================================================================
Received Prepare
Registering precompiled user dll's ...
Registered in 0.001829 seconds.
Begin MonoManager ReloadAssembly
Native extension for LinuxStandalone target not found
Native extension for WindowsStandalone target not found
Native extension for OSXStandalone target not found
Native extension for WebGL target not found
Refreshing native plugins compatible for Editor in 0.59 ms, found 1 plugins.
Preloading 0 native plugins for Editor in 0.00 ms.
Mono: successfully reloaded assembly
- Completed reload, in  1.066 seconds
Platform modules already initialized, skipping
Shader 'Universal Render Pipeline/Particles/Lit': fallback shader 'Universal Render Pipeline/Particles/SimpleLit' not found
Refreshing native plugins compatible for Editor in 0.60 ms, found 1 plugins.
Preloading 0 native plugins for Editor in 0.00 ms.
Unloading 3164 Unused Serialized files (Serialized files now loaded: 0)
System memory in use before: 142.9 MB.
System memory in use after: 143.0 MB.

Unloading 13 unused Assets to reduce memory usage. Loaded Objects now: 3899.
Total: 2.878500 ms (FindLiveObjects: 0.301700 ms CreateObjectMapping: 0.086500 ms MarkObjects: 2.360100 ms  DeleteObjects: 0.128900 ms)

========================================================================
Received Prepare
Registering precompiled user dll's ...
Registered in 0.001790 seconds.
Begin MonoManager ReloadAssembly
Native extension for LinuxStandalone target not found
Native extension for WindowsStandalone target not found
Native extension for OSXStandalone target not found
Native extension for WebGL target not found
Refreshing native plugins compatible for Editor in 0.62 ms, found 1 plugins.
Preloading 0 native plugins for Editor in 0.00 ms.
Mono: successfully reloaded assembly
- Completed reload, in  1.070 seconds
Platform modules already initialized, skipping
Shader 'Universal Render Pipeline/Particles/Lit': fallback shader 'Universal Render Pipeline/Particles/SimpleLit' not found
Refreshing native plugins compatible for Editor in 0.60 ms, found 1 plugins.
Preloading 0 native plugins for Editor in 0.00 ms.
Unloading 3164 Unused Serialized files (Serialized files now loaded: 0)
System memory in use before: 142.9 MB.
System memory in use after: 143.0 MB.

Unloading 13 unused Assets to reduce memory usage. Loaded Objects now: 3903.
Total: 2.765500 ms (FindLiveObjects: 0.303900 ms CreateObjectMapping: 0.086900 ms MarkObjects: 2.247200 ms  DeleteObjects: 0.126400 ms)

========================================================================
Received Prepare
Registering precompiled user dll's ...
Registered in 0.001782 seconds.
Begin MonoManager ReloadAssembly
Native extension for LinuxStandalone target not found
Native extension for WindowsStandalone target not found
Native extension for OSXStandalone target not found
Native extension for WebGL target not found
Refreshing native plugins compatible for Editor in 0.63 ms, found 1 plugins.
Preloading 0 native plugins for Editor in 0.00 ms.
Mono: successfully reloaded assembly
- Completed reload, in  1.070 seconds
Platform modules already initialized, skipping
Shader 'Universal Render Pipeline/Particles/Lit': fallback shader 'Universal Render Pipeline/Particles/SimpleLit' not found
Refreshing native plugins compatible for Editor in 0.61 ms, found 1 plugins.
Preloading 0 native plugins for Editor in 0.00 ms.
Unloading 3164 Unused Serialized files (Serialized files now loaded: 0)
System memory in use before: 143.0 MB.
System memory in use after: 143.1 MB.

Unloading 13 unused Assets to reduce memory usage. Loaded Objects now: 3907.
Total: 2.776500 ms (FindLiveObjects: 0.308400 ms CreateObjectMapping: 0.088200 ms MarkObjects: 2.253200 ms  DeleteObjects: 0.125500 ms)

========================================================================
Received Prepare
Registering precompiled user dll's ...
Registered in 0.001813 seconds.
Begin MonoManager ReloadAssembly
Native extension for LinuxStandalone target not found
Native extension for WindowsStandalone target not found
Native extension for OSXStandalone target not found
Native extension for WebGL target not found
Refreshing native plugins compatible for Editor in 0.64 ms, found 1 plugins.
Preloading 0 native plugins for Editor in 0.00 ms.
Mono: successfully reloaded assembly
- Completed reload, in  1.065 seconds
Platform modules already initialized, skipping
Shader 'Universal Render Pipeline/Particles/Lit': fallback shader 'Universal Render Pipeline/Particles/SimpleLit' not found
Refreshing native plugins compatible for Editor in 0.62 ms, found 1 plugins.
Preloading 0 native plugins for Editor in 0.00 ms.
Unloading 3164 Unused Serialized files (Serialized files now loaded: 0)
System memory in use before: 143.0 MB.
System memory in use after: 143.1 MB.

Unloading 13 unused Assets to reduce memory usage. Loaded Objects now: 3911.
Total: 2.872100 ms (FindLiveObjects: 0.331800 ms CreateObjectMapping: 0.086600 ms MarkObjects: 2.320200 ms  DeleteObjects: 0.132300 ms)

========================================================================
Received Prepare
Registering precompiled user dll's ...
Registered in 0.001827 seconds.
Begin MonoManager ReloadAssembly
Native extension for LinuxStandalone target not found
Native extension for WindowsStandalone target not found
Native extension for OSXStandalone target not found
Native extension for WebGL target not found
Refreshing native plugins compatible for Editor in 0.62 ms, found 1 plugins.
Preloading 0 native plugins for Editor in 0.00 ms.
Mono: successfully reloaded assembly
- Completed reload, in  1.056 seconds
Platform modules already initialized, skipping
Shader 'Universal Render Pipeline/Particles/Lit': fallback shader 'Universal Render Pipeline/Particles/SimpleLit' not found
Refreshing native plugins compatible for Editor in 0.61 ms, found 1 plugins.
Preloading 0 native plugins for Editor in 0.00 ms.
Unloading 3164 Unused Serialized files (Serialized files now loaded: 0)
System memory in use before: 143.0 MB.
System memory in use after: 143.1 MB.

Unloading 13 unused Assets to reduce memory usage. Loaded Objects now: 3915.
Total: 2.806100 ms (FindLiveObjects: 0.343900 ms CreateObjectMapping: 0.084800 ms MarkObjects: 2.240900 ms  DeleteObjects: 0.135200 ms)

========================================================================
Received Prepare
Registering precompiled user dll's ...
Registered in 0.001775 seconds.
Begin MonoManager ReloadAssembly
Native extension for LinuxStandalone target not found
Native extension for WindowsStandalone target not found
Native extension for OSXStandalone target not found
Native extension for WebGL target not found
Refreshing native plugins compatible for Editor in 0.61 ms, found 1 plugins.
Preloading 0 native plugins for Editor in 0.00 ms.
Mono: successfully reloaded assembly
- Completed reload, in  1.064 seconds
Platform modules already initialized, skipping
Shader 'Universal Render Pipeline/Particles/Lit': fallback shader 'Universal Render Pipeline/Particles/SimpleLit' not found
Refreshing native plugins compatible for Editor in 0.62 ms, found 1 plugins.
Preloading 0 native plugins for Editor in 0.00 ms.
Unloading 3164 Unused Serialized files (Serialized files now loaded: 0)
System memory in use before: 143.0 MB.
System memory in use after: 143.1 MB.

Unloading 13 unused Assets to reduce memory usage. Loaded Objects now: 3919.
Total: 3.009500 ms (FindLiveObjects: 0.328800 ms CreateObjectMapping: 0.086100 ms MarkObjects: 2.459800 ms  DeleteObjects: 0.133500 ms)

========================================================================
Received Prepare
Registering precompiled user dll's ...
Registered in 0.001751 seconds.
Begin MonoManager ReloadAssembly
Native extension for LinuxStandalone target not found
Native extension for WindowsStandalone target not found
Native extension for OSXStandalone target not found
Native extension for WebGL target not found
Refreshing native plugins compatible for Editor in 0.61 ms, found 1 plugins.
Preloading 0 native plugins for Editor in 0.00 ms.
Mono: successfully reloaded assembly
- Completed reload, in  1.059 seconds
Platform modules already initialized, skipping
Shader 'Universal Render Pipeline/Particles/Lit': fallback shader 'Universal Render Pipeline/Particles/SimpleLit' not found
Refreshing native plugins compatible for Editor in 0.61 ms, found 1 plugins.
Preloading 0 native plugins for Editor in 0.00 ms.
Unloading 3164 Unused Serialized files (Serialized files now loaded: 0)
System memory in use before: 143.0 MB.
System memory in use after: 143.1 MB.

Unloading 13 unused Assets to reduce memory usage. Loaded Objects now: 3923.
Total: 2.810200 ms (FindLiveObjects: 0.318400 ms CreateObjectMapping: 0.085300 ms MarkObjects: 2.276200 ms  DeleteObjects: 0.129100 ms)

========================================================================
Received Prepare
Registering precompiled user dll's ...
Registered in 0.001775 seconds.
Begin MonoManager ReloadAssembly
Native extension for LinuxStandalone target not found
Native extension for WindowsStandalone target not found
Native extension for OSXStandalone target not found
Native extension for WebGL target not found
Refreshing native plugins compatible for Editor in 0.61 ms, found 1 plugins.
Preloading 0 native plugins for Editor in 0.00 ms.
Mono: successfully reloaded assembly
- Completed reload, in  1.061 seconds
Platform modules already initialized, skipping
Shader 'Universal Render Pipeline/Particles/Lit': fallback shader 'Universal Render Pipeline/Particles/SimpleLit' not found
Refreshing native plugins compatible for Editor in 0.61 ms, found 1 plugins.
Preloading 0 native plugins for Editor in 0.00 ms.
Unloading 3164 Unused Serialized files (Serialized files now loaded: 0)
System memory in use before: 143.0 MB.
System memory in use after: 143.1 MB.

Unloading 13 unused Assets to reduce memory usage. Loaded Objects now: 3927.
Total: 2.905900 ms (FindLiveObjects: 0.341100 ms CreateObjectMapping: 0.086100 ms MarkObjects: 2.345200 ms  DeleteObjects: 0.132100 ms)

========================================================================
Received Import Request.
  Time since last request: 874.041135 seconds.
  path: Assets/Prefabs/Player
  artifactKey: Guid(df558344b1ca4394090035ab063504a9) Importer(815301076,1909f56bfc062723c751e8b465ee728b)
Start importing Assets/Prefabs/Player using Guid(df558344b1ca4394090035ab063504a9) Importer(815301076,1909f56bfc062723c751e8b465ee728b)  -> (artifact id: '432d0b5b4b1c8ac334e5689ed5e13b27') in 0.010583 seconds
  Import took 0.015822 seconds .

========================================================================
Received Prepare
Registering precompiled user dll's ...
Registered in 0.001863 seconds.
Begin MonoManager ReloadAssembly
Native extension for LinuxStandalone target not found
Native extension for WindowsStandalone target not found
Native extension for OSXStandalone target not found
Native extension for WebGL target not found
Refreshing native plugins compatible for Editor in 0.61 ms, found 1 plugins.
Preloading 0 native plugins for Editor in 0.00 ms.
Mono: successfully reloaded assembly
- Completed reload, in  1.073 seconds
Platform modules already initialized, skipping
Shader 'Universal Render Pipeline/Particles/Lit': fallback shader 'Universal Render Pipeline/Particles/SimpleLit' not found
Refreshing native plugins compatible for Editor in 0.60 ms, found 1 plugins.
Preloading 0 native plugins for Editor in 0.00 ms.
Unloading 3164 Unused Serialized files (Serialized files now loaded: 0)
System memory in use before: 143.0 MB.
System memory in use after: 143.1 MB.

Unloading 13 unused Assets to reduce memory usage. Loaded Objects now: 3931.
Total: 2.891500 ms (FindLiveObjects: 0.355300 ms CreateObjectMapping: 0.086300 ms MarkObjects: 2.316800 ms  DeleteObjects: 0.132000 ms)

========================================================================
Received Import Request.
  Time since last request: 6.760814 seconds.
  path: Assets/Prefabs/Scene
  artifactKey: Guid(ec2c69ce64cfc64418a0a5f3f46df237) Importer(815301076,1909f56bfc062723c751e8b465ee728b)
Start importing Assets/Prefabs/Scene using Guid(ec2c69ce64cfc64418a0a5f3f46df237) Importer(815301076,1909f56bfc062723c751e8b465ee728b)  -> (artifact id: '15969a3d10c12df49849fd333ebd0e9b') in 0.009942 seconds
  Import took 0.014730 seconds .

========================================================================
Received Import Request.
  Time since last request: 2.847448 seconds.
  path: Assets/Prefabs/Scene/Bootstrapper/Camera Holder.prefab
  artifactKey: Guid(f2cbc975ec0320547ae5754983045fd0) Importer(815301076,1909f56bfc062723c751e8b465ee728b)
Start importing Assets/Prefabs/Scene/Bootstrapper/Camera Holder.prefab using Guid(f2cbc975ec0320547ae5754983045fd0) Importer(815301076,1909f56bfc062723c751e8b465ee728b)  -> (artifact id: '0b9adcb5dd4dc7632ab5ae9658970447') in 0.079932 seconds
  Import took 0.084770 seconds .

========================================================================
Received Import Request.
  Time since last request: 3.047008 seconds.
  path: Assets/Prefabs/Scene/Bootstrapper/Camera Holder.prefab
  artifactKey: Guid(f2cbc975ec0320547ae5754983045fd0) Importer(815301076,1909f56bfc062723c751e8b465ee728b)
Start importing Assets/Prefabs/Scene/Bootstrapper/Camera Holder.prefab using Guid(f2cbc975ec0320547ae5754983045fd0) Importer(815301076,1909f56bfc062723c751e8b465ee728b)  -> (artifact id: '0d63d74f300eeb3853d35a8be112bd9d') in 0.003699 seconds
  Import took 0.008546 seconds .

========================================================================
Received Import Request.
  Time since last request: 28.071259 seconds.
  path: Assets/Prefabs/Player/Player Ship Basic/Player Ship Basic Movement Config.asset
  artifactKey: Guid(c3570b1a580a8fd49b71f537f9ce1d7b) Importer(815301076,1909f56bfc062723c751e8b465ee728b)
Start importing Assets/Prefabs/Player/Player Ship Basic/Player Ship Basic Movement Config.asset using Guid(c3570b1a580a8fd49b71f537f9ce1d7b) Importer(815301076,1909f56bfc062723c751e8b465ee728b)  -> (artifact id: '290196e5f0d231369a9d7e34c4c9bc0f') in 0.008762 seconds
  Import took 0.013640 seconds .

========================================================================
Received Import Request.
  Time since last request: 0.000745 seconds.
  path: Assets/Prefabs/Player/Player Ship Basic/Player Ship Basic Movement Config.asset
  artifactKey: Guid(c3570b1a580a8fd49b71f537f9ce1d7b) Importer(815301076,1909f56bfc062723c751e8b465ee728b)
Start importing Assets/Prefabs/Player/Player Ship Basic/Player Ship Basic Movement Config.asset using Guid(c3570b1a580a8fd49b71f537f9ce1d7b) Importer(815301076,1909f56bfc062723c751e8b465ee728b)  -> (artifact id: '290196e5f0d231369a9d7e34c4c9bc0f') in 0.002667 seconds
  Import took 0.007225 seconds .

========================================================================
Received Prepare
Registering precompiled user dll's ...
Registered in 0.002203 seconds.
Begin MonoManager ReloadAssembly
Native extension for LinuxStandalone target not found
Native extension for WindowsStandalone target not found
Native extension for OSXStandalone target not found
Native extension for WebGL target not found
Refreshing native plugins compatible for Editor in 0.61 ms, found 1 plugins.
Preloading 0 native plugins for Editor in 0.00 ms.
Mono: successfully reloaded assembly
- Completed reload, in  1.082 seconds
Platform modules already initialized, skipping
Shader 'Universal Render Pipeline/Particles/Lit': fallback shader 'Universal Render Pipeline/Particles/SimpleLit' not found
Refreshing native plugins compatible for Editor in 0.61 ms, found 1 plugins.
Preloading 0 native plugins for Editor in 0.00 ms.
Unloading 3164 Unused Serialized files (Serialized files now loaded: 0)
System memory in use before: 143.0 MB.
System memory in use after: 143.1 MB.

Unloading 13 unused Assets to reduce memory usage. Loaded Objects now: 3935.
Total: 2.922700 ms (FindLiveObjects: 0.322100 ms CreateObjectMapping: 0.086200 ms MarkObjects: 2.382200 ms  DeleteObjects: 0.131000 ms)

========================================================================
Received Prepare
Registering precompiled user dll's ...
Registered in 0.001832 seconds.
Begin MonoManager ReloadAssembly
Native extension for LinuxStandalone target not found
Native extension for WindowsStandalone target not found
Native extension for OSXStandalone target not found
Native extension for WebGL target not found
Refreshing native plugins compatible for Editor in 0.61 ms, found 1 plugins.
Preloading 0 native plugins for Editor in 0.00 ms.
Mono: successfully reloaded assembly
- Completed reload, in  1.072 seconds
Platform modules already initialized, skipping
Shader 'Universal Render Pipeline/Particles/Lit': fallback shader 'Universal Render Pipeline/Particles/SimpleLit' not found
Refreshing native plugins compatible for Editor in 0.62 ms, found 1 plugins.
Preloading 0 native plugins for Editor in 0.00 ms.
Unloading 3164 Unused Serialized files (Serialized files now loaded: 0)
System memory in use before: 143.1 MB.
System memory in use after: 143.2 MB.

Unloading 13 unused Assets to reduce memory usage. Loaded Objects now: 3939.
Total: 2.863900 ms (FindLiveObjects: 0.320800 ms CreateObjectMapping: 0.084100 ms MarkObjects: 2.326000 ms  DeleteObjects: 0.131800 ms)

========================================================================
Received Prepare
Registering precompiled user dll's ...
Registered in 0.001830 seconds.
Begin MonoManager ReloadAssembly
Native extension for LinuxStandalone target not found
Native extension for WindowsStandalone target not found
Native extension for OSXStandalone target not found
Native extension for WebGL target not found
Refreshing native plugins compatible for Editor in 0.61 ms, found 1 plugins.
Preloading 0 native plugins for Editor in 0.00 ms.
Mono: successfully reloaded assembly
- Completed reload, in  1.080 seconds
Platform modules already initialized, skipping
Shader 'Universal Render Pipeline/Particles/Lit': fallback shader 'Universal Render Pipeline/Particles/SimpleLit' not found
Refreshing native plugins compatible for Editor in 0.62 ms, found 1 plugins.
Preloading 0 native plugins for Editor in 0.00 ms.
Unloading 3164 Unused Serialized files (Serialized files now loaded: 0)
System memory in use before: 143.1 MB.
System memory in use after: 143.2 MB.

Unloading 13 unused Assets to reduce memory usage. Loaded Objects now: 3943.
Total: 2.934000 ms (FindLiveObjects: 0.315900 ms CreateObjectMapping: 0.085500 ms MarkObjects: 2.400700 ms  DeleteObjects: 0.130500 ms)

========================================================================
Received Prepare
Registering precompiled user dll's ...
Registered in 0.001831 seconds.
Begin MonoManager ReloadAssembly
Native extension for LinuxStandalone target not found
Native extension for WindowsStandalone target not found
Native extension for OSXStandalone target not found
Native extension for WebGL target not found
Refreshing native plugins compatible for Editor in 0.62 ms, found 1 plugins.
Preloading 0 native plugins for Editor in 0.00 ms.
Mono: successfully reloaded assembly
- Completed reload, in  1.070 seconds
Platform modules already initialized, skipping
Shader 'Universal Render Pipeline/Particles/Lit': fallback shader 'Universal Render Pipeline/Particles/SimpleLit' not found
Refreshing native plugins compatible for Editor in 0.61 ms, found 1 plugins.
Preloading 0 native plugins for Editor in 0.00 ms.
Unloading 3164 Unused Serialized files (Serialized files now loaded: 0)
System memory in use before: 143.1 MB.
System memory in use after: 143.2 MB.

Unloading 13 unused Assets to reduce memory usage. Loaded Objects now: 3947.
Total: 2.938000 ms (FindLiveObjects: 0.321800 ms CreateObjectMapping: 0.084700 ms MarkObjects: 2.401600 ms  DeleteObjects: 0.128700 ms)

========================================================================
Received Import Request.
  Time since last request: 423.673019 seconds.
  path: Assets/Prefabs/Scene/Level/Space Background.prefab
  artifactKey: Guid(05a9b8c05a728fa4e92d74e44131ca64) Importer(815301076,1909f56bfc062723c751e8b465ee728b)
Start importing Assets/Prefabs/Scene/Level/Space Background.prefab using Guid(05a9b8c05a728fa4e92d74e44131ca64) Importer(815301076,1909f56bfc062723c751e8b465ee728b)  -> (artifact id: '4a528179d8963d6a21336fc518be5482') in 0.197423 seconds
  Import took 0.203106 seconds .

========================================================================
Received Prepare
Registering precompiled user dll's ...
Registered in 0.001791 seconds.
Begin MonoManager ReloadAssembly
Native extension for LinuxStandalone target not found
Native extension for WindowsStandalone target not found
Native extension for OSXStandalone target not found
Native extension for WebGL target not found
Refreshing native plugins compatible for Editor in 0.61 ms, found 1 plugins.
Preloading 0 native plugins for Editor in 0.00 ms.
Mono: successfully reloaded assembly
- Completed reload, in  1.081 seconds
Platform modules already initialized, skipping
Shader 'Universal Render Pipeline/Particles/Lit': fallback shader 'Universal Render Pipeline/Particles/SimpleLit' not found
Refreshing native plugins compatible for Editor in 0.61 ms, found 1 plugins.
Preloading 0 native plugins for Editor in 0.00 ms.
Unloading 3164 Unused Serialized files (Serialized files now loaded: 0)
System memory in use before: 143.2 MB.
System memory in use after: 143.3 MB.

Unloading 13 unused Assets to reduce memory usage. Loaded Objects now: 3987.
Total: 3.067100 ms (FindLiveObjects: 0.351900 ms CreateObjectMapping: 0.087500 ms MarkObjects: 2.493800 ms  DeleteObjects: 0.133000 ms)

========================================================================
Received Prepare
Registering precompiled user dll's ...
Registered in 0.001792 seconds.
Begin MonoManager ReloadAssembly
Native extension for LinuxStandalone target not found
Native extension for WindowsStandalone target not found
Native extension for OSXStandalone target not found
Native extension for WebGL target not found
Refreshing native plugins compatible for Editor in 0.60 ms, found 1 plugins.
Preloading 0 native plugins for Editor in 0.00 ms.
Mono: successfully reloaded assembly
- Completed reload, in  1.072 seconds
Platform modules already initialized, skipping
Shader 'Universal Render Pipeline/Particles/Lit': fallback shader 'Universal Render Pipeline/Particles/SimpleLit' not found
Refreshing native plugins compatible for Editor in 0.61 ms, found 1 plugins.
Preloading 0 native plugins for Editor in 0.00 ms.
Unloading 3164 Unused Serialized files (Serialized files now loaded: 0)
System memory in use before: 143.3 MB.
System memory in use after: 143.4 MB.

Unloading 13 unused Assets to reduce memory usage. Loaded Objects now: 3991.
Total: 2.954200 ms (FindLiveObjects: 0.339200 ms CreateObjectMapping: 0.086800 ms MarkObjects: 2.393200 ms  DeleteObjects: 0.133600 ms)

========================================================================
Received Prepare
Registering precompiled user dll's ...
Registered in 0.001781 seconds.
Begin MonoManager ReloadAssembly
Native extension for LinuxStandalone target not found
Native extension for WindowsStandalone target not found
Native extension for OSXStandalone target not found
Native extension for WebGL target not found
Refreshing native plugins compatible for Editor in 0.62 ms, found 1 plugins.
Preloading 0 native plugins for Editor in 0.00 ms.
Mono: successfully reloaded assembly
- Completed reload, in  1.062 seconds
Platform modules already initialized, skipping
Shader 'Universal Render Pipeline/Particles/Lit': fallback shader 'Universal Render Pipeline/Particles/SimpleLit' not found
Refreshing native plugins compatible for Editor in 0.61 ms, found 1 plugins.
Preloading 0 native plugins for Editor in 0.00 ms.
Unloading 3164 Unused Serialized files (Serialized files now loaded: 0)
System memory in use before: 143.3 MB.
System memory in use after: 143.4 MB.

Unloading 13 unused Assets to reduce memory usage. Loaded Objects now: 3995.
Total: 3.162900 ms (FindLiveObjects: 0.348500 ms CreateObjectMapping: 0.085100 ms MarkObjects: 2.592300 ms  DeleteObjects: 0.135700 ms)

========================================================================
Received Prepare
Registering precompiled user dll's ...
Registered in 0.001834 seconds.
Begin MonoManager ReloadAssembly
Native extension for LinuxStandalone target not found
Native extension for WindowsStandalone target not found
Native extension for OSXStandalone target not found
Native extension for WebGL target not found
Refreshing native plugins compatible for Editor in 0.61 ms, found 1 plugins.
Preloading 0 native plugins for Editor in 0.00 ms.
Mono: successfully reloaded assembly
- Completed reload, in  1.072 seconds
Platform modules already initialized, skipping
Shader 'Universal Render Pipeline/Particles/Lit': fallback shader 'Universal Render Pipeline/Particles/SimpleLit' not found
Refreshing native plugins compatible for Editor in 0.62 ms, found 1 plugins.
Preloading 0 native plugins for Editor in 0.00 ms.
Unloading 3164 Unused Serialized files (Serialized files now loaded: 0)
System memory in use before: 143.3 MB.
System memory in use after: 143.4 MB.

Unloading 13 unused Assets to reduce memory usage. Loaded Objects now: 3999.
Total: 2.840400 ms (FindLiveObjects: 0.319800 ms CreateObjectMapping: 0.085700 ms MarkObjects: 2.309000 ms  DeleteObjects: 0.124800 ms)

========================================================================
Received Prepare
Registering precompiled user dll's ...
Registered in 0.001784 seconds.
Begin MonoManager ReloadAssembly
Native extension for LinuxStandalone target not found
Native extension for WindowsStandalone target not found
Native extension for OSXStandalone target not found
Native extension for WebGL target not found
Refreshing native plugins compatible for Editor in 0.61 ms, found 1 plugins.
Preloading 0 native plugins for Editor in 0.00 ms.
Mono: successfully reloaded assembly
- Completed reload, in  1.074 seconds
Platform modules already initialized, skipping
Shader 'Universal Render Pipeline/Particles/Lit': fallback shader 'Universal Render Pipeline/Particles/SimpleLit' not found
Refreshing native plugins compatible for Editor in 0.62 ms, found 1 plugins.
Preloading 0 native plugins for Editor in 0.00 ms.
Unloading 3164 Unused Serialized files (Serialized files now loaded: 0)
System memory in use before: 143.3 MB.
System memory in use after: 143.4 MB.

Unloading 13 unused Assets to reduce memory usage. Loaded Objects now: 4003.
Total: 3.038400 ms (FindLiveObjects: 0.363300 ms CreateObjectMapping: 0.091400 ms MarkObjects: 2.454200 ms  DeleteObjects: 0.128300 ms)

========================================================================
Received Prepare
Registering precompiled user dll's ...
Registered in 0.001965 seconds.
Begin MonoManager ReloadAssembly
Native extension for LinuxStandalone target not found
Native extension for WindowsStandalone target not found
Native extension for OSXStandalone target not found
Native extension for WebGL target not found
Refreshing native plugins compatible for Editor in 0.61 ms, found 1 plugins.
Preloading 0 native plugins for Editor in 0.00 ms.
Mono: successfully reloaded assembly
- Completed reload, in  1.070 seconds
Platform modules already initialized, skipping
Shader 'Universal Render Pipeline/Particles/Lit': fallback shader 'Universal Render Pipeline/Particles/SimpleLit' not found
Refreshing native plugins compatible for Editor in 0.62 ms, found 1 plugins.
Preloading 0 native plugins for Editor in 0.00 ms.
Unloading 3164 Unused Serialized files (Serialized files now loaded: 0)
System memory in use before: 143.3 MB.
System memory in use after: 143.4 MB.

Unloading 13 unused Assets to reduce memory usage. Loaded Objects now: 4007.
Total: 2.946100 ms (FindLiveObjects: 0.320800 ms CreateObjectMapping: 0.088100 ms MarkObjects: 2.410300 ms  DeleteObjects: 0.126100 ms)

========================================================================
Received Prepare
Registering precompiled user dll's ...
Registered in 0.001966 seconds.
Begin MonoManager ReloadAssembly
Native extension for LinuxStandalone target not found
Native extension for WindowsStandalone target not found
Native extension for OSXStandalone target not found
Native extension for WebGL target not found
Refreshing native plugins compatible for Editor in 0.62 ms, found 1 plugins.
Preloading 0 native plugins for Editor in 0.00 ms.
Mono: successfully reloaded assembly
- Completed reload, in  1.070 seconds
Platform modules already initialized, skipping
Shader 'Universal Render Pipeline/Particles/Lit': fallback shader 'Universal Render Pipeline/Particles/SimpleLit' not found
Refreshing native plugins compatible for Editor in 0.61 ms, found 1 plugins.
Preloading 0 native plugins for Editor in 0.00 ms.
Unloading 3164 Unused Serialized files (Serialized files now loaded: 0)
System memory in use before: 143.3 MB.
System memory in use after: 143.4 MB.

Unloading 13 unused Assets to reduce memory usage. Loaded Objects now: 4011.
Total: 2.952200 ms (FindLiveObjects: 0.323000 ms CreateObjectMapping: 0.086600 ms MarkObjects: 2.414400 ms  DeleteObjects: 0.126700 ms)

========================================================================
Received Prepare
Registering precompiled user dll's ...
Registered in 0.001865 seconds.
Begin MonoManager ReloadAssembly
Native extension for LinuxStandalone target not found
Native extension for WindowsStandalone target not found
Native extension for OSXStandalone target not found
Native extension for WebGL target not found
Refreshing native plugins compatible for Editor in 0.61 ms, found 1 plugins.
Preloading 0 native plugins for Editor in 0.00 ms.
Mono: successfully reloaded assembly
- Completed reload, in  1.073 seconds
Platform modules already initialized, skipping
Shader 'Universal Render Pipeline/Particles/Lit': fallback shader 'Universal Render Pipeline/Particles/SimpleLit' not found
Refreshing native plugins compatible for Editor in 0.61 ms, found 1 plugins.
Preloading 0 native plugins for Editor in 0.00 ms.
Unloading 3164 Unused Serialized files (Serialized files now loaded: 0)
System memory in use before: 143.3 MB.
System memory in use after: 143.4 MB.

Unloading 13 unused Assets to reduce memory usage. Loaded Objects now: 4015.
Total: 2.891000 ms (FindLiveObjects: 0.321600 ms CreateObjectMapping: 0.086300 ms MarkObjects: 2.352500 ms  DeleteObjects: 0.129600 ms)

========================================================================
Received Import Request.
  Time since last request: 1071.079313 seconds.
  path: Assets/Prefabs/Player/Player Ship Basic/Player Ship Basic Fire Config.asset
  artifactKey: Guid(03854909be5fd1a43abfe49764110838) Importer(815301076,1909f56bfc062723c751e8b465ee728b)
Start importing Assets/Prefabs/Player/Player Ship Basic/Player Ship Basic Fire Config.asset using Guid(03854909be5fd1a43abfe49764110838) Importer(815301076,1909f56bfc062723c751e8b465ee728b)  -> (artifact id: '6e7b3639cb858980e1452635a3911a87') in 0.048841 seconds
  Import took 0.053867 seconds .

========================================================================
Received Import Request.
  Time since last request: 8.566056 seconds.
  path: Assets/Prefabs/Player/Player Ship Basic
  artifactKey: Guid(aae6d6aad4465e742a99b29b4dcd56a6) Importer(815301076,1909f56bfc062723c751e8b465ee728b)
Start importing Assets/Prefabs/Player/Player Ship Basic using Guid(aae6d6aad4465e742a99b29b4dcd56a6) Importer(815301076,1909f56bfc062723c751e8b465ee728b)  -> (artifact id: '0764c9197f5f6470531cb27f12f1d1b4') in 0.006743 seconds
  Import took 0.011644 seconds .

========================================================================
Received Prepare
Registering precompiled user dll's ...
Registered in 0.001807 seconds.
Begin MonoManager ReloadAssembly
Native extension for LinuxStandalone target not found
Native extension for WindowsStandalone target not found
Native extension for OSXStandalone target not found
Native extension for WebGL target not found
Refreshing native plugins compatible for Editor in 0.62 ms, found 1 plugins.
Preloading 0 native plugins for Editor in 0.00 ms.
Mono: successfully reloaded assembly
- Completed reload, in  1.066 seconds
Platform modules already initialized, skipping
Shader 'Universal Render Pipeline/Particles/Lit': fallback shader 'Universal Render Pipeline/Particles/SimpleLit' not found
Refreshing native plugins compatible for Editor in 0.58 ms, found 1 plugins.
Preloading 0 native plugins for Editor in 0.00 ms.
Unloading 3164 Unused Serialized files (Serialized files now loaded: 0)
System memory in use before: 143.3 MB.
System memory in use after: 143.4 MB.

Unloading 13 unused Assets to reduce memory usage. Loaded Objects now: 4019.
Total: 2.920000 ms (FindLiveObjects: 0.320300 ms CreateObjectMapping: 0.086700 ms MarkObjects: 2.385800 ms  DeleteObjects: 0.126200 ms)

========================================================================
Received Import Request.
  Time since last request: 87.320188 seconds.
  path: Assets/Prefabs/Particle Systems
  artifactKey: Guid(d73945663957c974fa8e3ebd4cefe185) Importer(815301076,1909f56bfc062723c751e8b465ee728b)
Start importing Assets/Prefabs/Particle Systems using Guid(d73945663957c974fa8e3ebd4cefe185) Importer(815301076,1909f56bfc062723c751e8b465ee728b)  -> (artifact id: 'c1695bd1903b1e942ff79ae66f5a2906') in 0.010988 seconds
  Import took 0.016076 seconds .

========================================================================
Received Import Request.
  Time since last request: 0.000329 seconds.
  path: Assets/Prefabs/Particle Systems
  artifactKey: Guid(d73945663957c974fa8e3ebd4cefe185) Importer(815301076,1909f56bfc062723c751e8b465ee728b)
Start importing Assets/Prefabs/Particle Systems using Guid(d73945663957c974fa8e3ebd4cefe185) Importer(815301076,1909f56bfc062723c751e8b465ee728b)  -> (artifact id: 'c1695bd1903b1e942ff79ae66f5a2906') in 0.021145 seconds
  Import took 0.025951 seconds .

========================================================================
Received Import Request.
  Time since last request: 190.027445 seconds.
  path: Assets/Visuals/Sprites/Lasers
  artifactKey: Guid(84114e703e02f6142806f78882629055) Importer(815301076,1909f56bfc062723c751e8b465ee728b)
Start importing Assets/Visuals/Sprites/Lasers using Guid(84114e703e02f6142806f78882629055) Importer(815301076,1909f56bfc062723c751e8b465ee728b)  -> (artifact id: 'a91a953c4470a436f66f0e33248e33ee') in 0.007578 seconds
  Import took 0.033124 seconds .

========================================================================
Received Import Request.
  Time since last request: 687.870371 seconds.
  path: Assets/Visuals/Materials/Particle Systems Materials
  artifactKey: Guid(bc05e96b061a89049a4b5d97a29e82dc) Importer(815301076,1909f56bfc062723c751e8b465ee728b)
Start importing Assets/Visuals/Materials/Particle Systems Materials using Guid(bc05e96b061a89049a4b5d97a29e82dc) Importer(815301076,1909f56bfc062723c751e8b465ee728b)  -> (artifact id: '808553045b26c25191870a335310c44d') in 0.007959 seconds
  Import took 0.013119 seconds .

========================================================================
Received Import Request.
  Time since last request: 194.551138 seconds.
  path: Assets/Prefabs/Player/Player Ship Basic/Player Projectile Movement Config.asset
  artifactKey: Guid(b2a248b96b4c1f14e861f0892989171a) Importer(815301076,1909f56bfc062723c751e8b465ee728b)
Start importing Assets/Prefabs/Player/Player Ship Basic/Player Projectile Movement Config.asset using Guid(b2a248b96b4c1f14e861f0892989171a) Importer(815301076,1909f56bfc062723c751e8b465ee728b)  -> (artifact id: 'eeb69863d58d717b11d2ace9080c6e0d') in 0.017893 seconds
  Import took 0.022644 seconds .

AssetImportWorkerClient::OnTransportError - code=2 error=End of file
